Log file open, 03/29/17 13:01:19
LogInit:Display: Running engine for game: AliceInChest
LogPlatformFile: Not using cached read wrapper
LogInit:Display: RandInit(330141599) SRandInit(330141599).
LogTaskGraph: Started task graph with 5 named threads and 8 total threads with 1 sets of task threads.
LogStats: Stats thread started at 0.072693
LogInit: Using libcurl 7.47.1
LogInit:  - built for x86_64-pc-win32
LogInit:  - supports SSL with OpenSSL/1.0.2g
LogInit:  - supports HTTP deflate (compression) using libz 1.2.8
LogInit:  - other features:
LogInit:      CURL_VERSION_SSL
LogInit:      CURL_VERSION_LIBZ
LogInit:      CURL_VERSION_IPV6
LogInit:      CURL_VERSION_ASYNCHDNS
LogInit:      CURL_VERSION_LARGEFILE
LogInit:      CURL_VERSION_IDN
LogInit:  CurlRequestOptions (configurable via config and command line):
LogInit:  - bVerifyPeer = false  - Libcurl will NOT verify peer certificate
LogInit:  - bUseHttpProxy = false  - Libcurl will NOT use HTTP proxy
LogInit:  - bDontReuseConnections = false  - Libcurl will reuse connections
LogInit:  - CertBundlePath = nullptr  - Libcurl will use whatever was configured at build time.
OCULUS: Info: [CAPI] LibOVR module is located at C:\Program Files\Oculus\Support\oculus-runtime\LibOVRRT64_1.dll
OCULUS: Debug: Connected to the server running version (prod = 1).1.13.0(build = 361842) feature version = 0. Client runs version (prod = 1).1.13.0(build = 361842) feature version = 0
OCULUS: Debug: [HMDState] Using default profile default
OCULUS: Info: IAD changed to 63.8mm
OCULUS: Debug: Creating factory
LogHMD: GearVR: Emulating GearVR using Oculus Rift!
LogInit: Build: ++UE4+Release-4.15-CL-3348071
LogInit: Engine Version: 4.15.1-3348071+++UE4+Release-4.15
LogInit: Compatible Engine Version: 4.15.0-3299760+++UE4+Release-4.15
LogInit: Net CL: 3299760
LogDevObjectVersion: Number of dev versions registered: 14
LogDevObjectVersion:   Dev-Blueprints (B0D832E4-1F89-4F0D-ACCF-7EB736FD4AA2): 8
LogDevObjectVersion:   Dev-Build (E1C64328-A22C-4D53-A36C-8E866417BD8C): 0
LogDevObjectVersion:   Dev-Core (375EC13C-06E4-48FB-B500-84F0262A717E): 2
LogDevObjectVersion:   Dev-Editor (E4B068ED-F494-42E9-A231-DA0B2E46BB41): 14
LogDevObjectVersion:   Dev-Framework (CFFC743F-43B0-4480-9391-14DF171D2073): 22
LogDevObjectVersion:   Dev-Mobile (B02B49B5-BB20-44E9-A304-32B752E40360): 0
LogDevObjectVersion:   Dev-Networking (A4E4105C-59A1-49B5-A7C5-40C4547EDFEE): 0
LogDevObjectVersion:   Dev-Online (39C831C9-5AE6-47DC-9A44-9C173E1C8E7C): 0
LogDevObjectVersion:   Dev-Physics (78F01B33-EBEA-4F98-B9B4-84EACCB95AA2): 0
LogDevObjectVersion:   Dev-Platform (6631380F-2D4D-43E0-8009-CF276956A95A): 0
LogDevObjectVersion:   Dev-Rendering (12F88B9F-8875-4AFC-A67C-D90C383ABD29): 12
LogDevObjectVersion:   Dev-Sequencer (7B5AE74C-D270-4C10-A958-57980B212A5A): 3
LogDevObjectVersion:   Dev-VR (D7296918-1DD6-4BDD-9DE2-64A83CC13884): 0
LogDevObjectVersion:   Dev-LoadTimes (C2A15278-BFE7-4AFE-6C17-90FF531DF755): 1
LogInit: Compiled (64-bit): Mar 15 2017 16:52:47
LogInit: Compiled with Visual C++: 19.00.23026.00
LogInit: Build Configuration: Development
LogInit: Branch Name: ++UE4+Release-4.15
LogInit: Command line: -EpicPortal 
LogInit: Base directory: C:/Program Files/Epic Games/UE_4.15/Engine/Binaries/Win64/
LogInit: Installed Engine Build: 1
LogInit: Presizing for max 8388607 objects, including 0 objects not considered by GC, pre-allocating 0 bytes for permanent pool.
LogInit: Object subsystem initialized
[2017.03.29-04.01.19:865][  0]LogInit: Selected Device Profile: [Windows]
[2017.03.29-04.01.19:865][  0]LogInit: Applying CVar settings loaded from the selected device profile: [Windows]
[2017.03.29-04.01.19:875][  0]LogInit: Computer: DESKTOP-HM7CSNG
[2017.03.29-04.01.19:875][  0]LogInit: User: thtjd
[2017.03.29-04.01.19:875][  0]LogInit: CPU Page size=65536, Cores=4
[2017.03.29-04.01.19:875][  0]LogInit: High frequency timer resolution =3.328125 MHz
[2017.03.29-04.01.19:875][  0]LogMemory: Memory total: Physical=31.9GB (32GB approx)
[2017.03.29-04.01.19:875][  0]LogMemory: Platform Memory Stats for Windows
[2017.03.29-04.01.19:875][  0]LogMemory: Process Physical Memory: 268.99 MB used, 268.99 MB peak
[2017.03.29-04.01.19:875][  0]LogMemory: Process Virtual Memory: 265.61 MB used, 265.61 MB peak
[2017.03.29-04.01.19:875][  0]LogMemory: Physical Memory: 7679.00 MB used,  25023.71 MB free, 32702.71 MB total
[2017.03.29-04.01.19:875][  0]LogMemory: Virtual Memory: 684.84 MB used,  25023.71 MB free, 134217728.00 MB total
[2017.03.29-04.01.19:942][  0]LogInit: Overriding culture en with editor configuration.
[2017.03.29-04.01.20:500][  0]LogD3D11RHI: D3D11 adapters:
[2017.03.29-04.01.21:003][  0]LogD3D11RHI:    0. 'NVIDIA GeForce GTX 1070' (Feature Level 11_0)
[2017.03.29-04.01.21:003][  0]LogD3D11RHI:       8119/0/16351 MB DedicatedVideo/DedicatedSystem/SharedSystem, Outputs:2, VendorId:0x10de
[2017.03.29-04.01.21:004][  0]LogD3D11RHI:    1. 'Microsoft Basic Render Driver' (Feature Level 11_0)
[2017.03.29-04.01.21:004][  0]LogD3D11RHI:       0/0/16351 MB DedicatedVideo/DedicatedSystem/SharedSystem, Outputs:0, VendorId:0x1414
[2017.03.29-04.01.21:004][  0]LogD3D11RHI: Chosen D3D11 Adapter: 0
[2017.03.29-04.01.21:008][  0]LogD3D11RHI: Creating new Direct3DDevice
[2017.03.29-04.01.21:008][  0]LogD3D11RHI:     GPU DeviceId: 0x1b81 (for the marketing name, search the web for "GPU Device Id")
[2017.03.29-04.01.21:008][  0]LogWindows: EnumDisplayDevices:
[2017.03.29-04.01.21:008][  0]LogWindows:    0. 'NVIDIA GeForce GTX 1070' (P:0 D:1)
[2017.03.29-04.01.21:008][  0]LogWindows:    1. 'NVIDIA GeForce GTX 1070' (P:1 D:1)
[2017.03.29-04.01.21:008][  0]LogWindows:    2. 'NVIDIA GeForce GTX 1070' (P:0 D:0)
[2017.03.29-04.01.21:008][  0]LogWindows:    3. 'NVIDIA GeForce GTX 1070' (P:0 D:0)
[2017.03.29-04.01.21:008][  0]LogWindows: DebugString: FoundDriverCount:4 
[2017.03.29-04.01.21:008][  0]LogD3D11RHI:     Adapter Name: NVIDIA GeForce GTX 1070
[2017.03.29-04.01.21:008][  0]LogD3D11RHI:   Driver Version: 378.92 (internal:21.21.13.7892, unified:378.92)
[2017.03.29-04.01.21:008][  0]LogD3D11RHI:      Driver Date: 3-16-2017
[2017.03.29-04.01.21:008][  0]LogRHI: Texture pool is 1361 MB (70% of 1945 MB)
[2017.03.29-04.01.21:539][  0]LogD3D11RHI: Async texture creation enabled
[2017.03.29-04.01.21:565][  0]LogD3D11RHI: GPU Timing Frequency: 1000.000000 (Debug: 2 1)
[2017.03.29-04.01.21:656][  0]LogShaderCompilers: Guid format shader working directory is -38 characters bigger than the processId version (../../../../../../Program Files (x86)/Epic Games/MyProjects/AliceBackup/AliceInChest/Intermediate/Shaders/WorkingDirectory/6692/).
[2017.03.29-04.01.21:656][  0]LogShaderCompilers: Cleaned the shader compiler working directory 'C:/Users/thtjd/AppData/Local/Temp/UnrealShaderWorkingDir/0A314219447D96FBDB962582A54931FF/'.
[2017.03.29-04.01.21:656][  0]LogShaderCompilers:Display: Using Local Shader Compiler.
[2017.03.29-04.01.22:624][  0]LogTemp:Display: Loaded TP AllDesktopTargetPlatform
[2017.03.29-04.01.22:675][  0]LogTemp:Display: Loaded TP MacClientTargetPlatform
[2017.03.29-04.01.22:722][  0]LogTemp:Display: Loaded TP MacNoEditorTargetPlatform
[2017.03.29-04.01.22:771][  0]LogTemp:Display: Loaded TP MacServerTargetPlatform
[2017.03.29-04.01.22:822][  0]LogTemp:Display: Loaded TP MacTargetPlatform
[2017.03.29-04.01.22:871][  0]LogTemp:Display: Loaded TP WindowsClientTargetPlatform
[2017.03.29-04.01.22:926][  0]LogTemp:Display: Loaded TP WindowsNoEditorTargetPlatform
[2017.03.29-04.01.22:995][  0]LogTemp:Display: Loaded TP WindowsServerTargetPlatform
[2017.03.29-04.01.23:046][  0]LogTemp:Display: Loaded TP WindowsTargetPlatform
[2017.03.29-04.01.23:098][  0]LogTemp:Display: Loaded TP AndroidTargetPlatform
[2017.03.29-04.01.23:145][  0]LogTemp:Display: Loaded TP Android_ASTCTargetPlatform
[2017.03.29-04.01.23:191][  0]LogTemp:Display: Loaded TP Android_ATCTargetPlatform
[2017.03.29-04.01.23:255][  0]LogTemp:Display: Loaded TP Android_DXTTargetPlatform
[2017.03.29-04.01.23:311][  0]LogTemp:Display: Loaded TP Android_ETC1TargetPlatform
[2017.03.29-04.01.23:359][  0]LogTemp:Display: Loaded TP Android_ETC2TargetPlatform
[2017.03.29-04.01.23:456][  0]LogTemp:Display: Loaded TP Android_MultiTargetPlatform
[2017.03.29-04.01.23:456][  0]LogTemp:Display: Loaded TP Android_PVRTCTargetPlatform
[2017.03.29-04.01.23:491][  0]LogTemp:Display: Loaded TP HTML5TargetPlatform
[2017.03.29-04.01.23:580][  0]LogTemp:Display: Loaded TP IOSTargetPlatform
[2017.03.29-04.01.23:612][  0]LogTemp:Display: Loaded TP TVOSTargetPlatform
[2017.03.29-04.01.23:661][  0]LogTemp:Display: Loaded TP LinuxClientTargetPlatform
[2017.03.29-04.01.23:706][  0]LogTemp:Display: Loaded TP LinuxNoEditorTargetPlatform
[2017.03.29-04.01.23:754][  0]LogTemp:Display: Loaded TP LinuxServerTargetPlatform
[2017.03.29-04.01.23:804][  0]LogTemp:Display: Loaded TP LinuxTargetPlatform
[2017.03.29-04.01.23:804][  0]LogTargetPlatformManager:Display: Building Assets For Windows
[2017.03.29-04.01.24:170][  0]LogDerivedDataCache:Display: Max Cache Size: 512 MB
[2017.03.29-04.01.24:212][  0]LogDerivedDataCache: Loaded boot cache 0.04s 50MB C:/Users/thtjd/AppData/Local/UnrealEngine/4.15/DerivedDataCache/Boot.ddc.
[2017.03.29-04.01.24:212][  0]LogDerivedDataCache:Display: Loaded Boot cache: C:/Users/thtjd/AppData/Local/UnrealEngine/4.15/DerivedDataCache/Boot.ddc
[2017.03.29-04.01.24:212][  0]LogDerivedDataCache: FDerivedDataBackendGraph:  Pak pak cache file ../../../../../../Program Files (x86)/Epic Games/MyProjects/AliceBackup/AliceInChest/DerivedDataCache/DDC.ddp not found, will not use a pak cache.
[2017.03.29-04.01.24:212][  0]LogDerivedDataCache: Unable to find inner node Pak for hierarchical cache Hierarchy.
[2017.03.29-04.01.24:212][  0]LogDerivedDataCache: FDerivedDataBackendGraph:  CompressedPak pak cache file ../../../../../../Program Files (x86)/Epic Games/MyProjects/AliceBackup/AliceInChest/DerivedDataCache/Compressed.ddp not found, will not use a pak cache.
[2017.03.29-04.01.24:212][  0]LogDerivedDataCache: Unable to find inner node CompressedPak for hierarchical cache Hierarchy.
[2017.03.29-04.01.24:228][  0]LogDerivedDataCache:Display: Pak cache opened for reading ../../../Engine/DerivedDataCache/Compressed.ddp.
[2017.03.29-04.01.24:240][  0]LogDerivedDataCache: Using Local data cache path C:/Users/thtjd/AppData/Local/UnrealEngine/Common/DerivedDataCache: Writable
[2017.03.29-04.01.24:248][  0]LogSlate: Using Freetype 2.6.0
[2017.03.29-04.01.24:249][  0]LogSlate: SlateFontCache - WITH_FREETYPE: 1, WITH_HARFBUZZ: 1
[2017.03.29-04.01.24:249][  0]LogSlate: SlateFontCache - WITH_FREETYPE: 1, WITH_HARFBUZZ: 1
[2017.03.29-04.01.24:472][  0]LogInit: Selected Device Profile: [Windows]
[2017.03.29-04.01.24:475][  0]LogContentStreaming: Texture pool size is 0.00 MB
[2017.03.29-04.01.24:662][  0]LogMeshUtilities: Using QuadricMeshReduction for automatic static mesh reduction
[2017.03.29-04.01.24:699][  0]LogSimplygon: Simplygon DLL not present - disabling.
[2017.03.29-04.01.24:740][  0]LogMeshUtilities: Using SimplygonSwarm for distributed automatic mesh merging
[2017.03.29-04.01.24:740][  0]LogMeshUtilities: No automatic skeletal mesh reduction module available
[2017.03.29-04.01.24:740][  0]LogMeshUtilities: No automatic mesh merging module available
[2017.03.29-04.01.25:209][  0]LogNetVersion: GetLocalNetworkVersion: CL: 3299760, ProjectName: aliceinchest, ProjectVersion: , EngineNetworkVersion: 2, GameNetworkVersion: 0, NetworkChecksum: 53998165
[2017.03.29-04.01.25:250][  0]LogAssetRegistry: FAssetRegistry took 0.0217 seconds to start up
[2017.03.29-04.01.25:281][  0]LogPackageLocalizationCache: Processed 3 localized package path(s) for 1 prioritized culture(s) in 0.011412 seconds
[2017.03.29-04.01.25:286][  0]LogUObjectArray: 32493 objects as part of root set at end of initial load.
[2017.03.29-04.01.25:286][  0]LogUObjectAllocator: 7077024 out of 0 bytes used by permanent object pool.
[2017.03.29-04.01.25:286][  0]LogUObjectArray: CloseDisregardForGC: 0/0 objects in disregard for GC pool
[2017.03.29-04.01.25:336][  0]LogInit: WinSock: version 1.1 (2.2), MaxSocks=32767, MaxUdp=65467
[2017.03.29-04.01.26:678][  0]LogTcpMessaging: Initializing TcpMessaging bridge
[2017.03.29-04.01.26:712][  0]LogUdpMessaging: Initializing bridge on interface 0.0.0.0:0 to multicast group 230.0.0.1:6666.
[2017.03.29-04.01.27:085][  0]LogMaterial: Uniform references updated for custom material expression Custom.
[2017.03.29-04.01.27:388][  0]SourceControl: Info Source control is disabled
[2017.03.29-04.01.27:389][  0]SourceControl: Info Source control is disabled
[2017.03.29-04.01.27:425][  0]SourceControl: Info Source control is disabled
[2017.03.29-04.01.27:463][  0]SourceControl: Info Source control is disabled
[2017.03.29-04.01.28:470][  0]LogEngine: Initializing Engine...
[2017.03.29-04.01.28:471][  0]LogHMD: Oculus plugin initialized. Version: 4.15.1-3348071+++UE4+Release-4.15, LibOVR: 1.13.0, SDK: 1.10.0, built Mar 15 2017, 16:59:09
[2017.03.29-04.01.28:569][  0]OCULUS: Debug: [HMDState] Using default profile default
[2017.03.29-04.01.28:569][  0]OCULUS: Info: IAD changed to 63.8mm
[2017.03.29-04.01.28:681][  0]LogAIModule: Creating AISystem for world Untitled
[2017.03.29-04.01.28:710][  0]LogInit: XAudio2 using '스피커(Realtek High Definition Audio)' : 2 channels at 48 kHz using 32 bits per sample (channel mask 0x3)
[2017.03.29-04.01.28:738][  0]LogInit: FAudioDevice initialized.
[2017.03.29-04.01.28:763][  0]LogDerivedDataCache: Saved boot cache 0.02s 50MB C:/Users/thtjd/AppData/Local/UnrealEngine/4.15/DerivedDataCache/Boot.ddc.
[2017.03.29-04.01.28:772][  0]LogInit: Texture streaming: Enabled
[2017.03.29-04.01.28:854][  0]LogEngineSessionManager: EngineSessionManager initialized
[2017.03.29-04.01.28:926][  0]LogInit: Transaction tracking system initialized
[2017.03.29-04.01.29:213][  0]BlueprintLog: New page: Editor Load
[2017.03.29-04.01.29:924][  0]LocalizationService: Info Localization service is disabled
[2017.03.29-04.01.30:465][  0]LogConsoleResponse:Display: 
[2017.03.29-04.01.30:572][  0]LogCook:Display: Max memory allowance for cook 16384mb min free memory 0mb
[2017.03.29-04.01.30:572][  0]LogCook:Display: Mobile HDR setting 0
[2017.03.29-04.01.30:844][  0]LogFileCache: Scanning file cache for directory 'C:/Program Files (x86)/Epic Games/MyProjects/AliceBackup/AliceInChest/Content/' took 0.01s
[2017.03.29-04.01.31:482][  0]SourceControl: Info Source control is disabled
[2017.03.29-04.01.31:482][  0]Cmd: MAP LOAD FILE="../../../../../../Program Files (x86)/Epic Games/MyProjects/AliceBackup/AliceInChest/Content/ThirdPersonBP/Maps/ThirdPersonExampleMap.umap" TEMPLATE=0 SHOWPROGRESS=1 FEATURELEVEL=3
[2017.03.29-04.01.31:483][  0]LogEditorServer:Warning: Can't find file '../../../../../../Program Files (x86)/Epic Games/MyProjects/AliceBackup/AliceInChest/Content/ThirdPersonBP/Maps/ThirdPersonExampleMap.umap'
[2017.03.29-04.01.31:483][  0]Cmd: MAP CHECKDEP NOCLEARLOG
[2017.03.29-04.01.31:518][  0]MapCheck: Info Map check complete: 0 Error(s), 0 Warning(s), took 35.093ms to complete.
[2017.03.29-04.01.31:518][  0]LogFileHelpers: Loading map 'ThirdPersonExampleMap' took 0.035
[2017.03.29-04.01.31:623][  0]LogWindowsTextInputMethodSystem:Display: IME system now activated using TSF (Microsoft 입력기).
[2017.03.29-04.01.31:735][  0]LogCollectionManager: Loaded 1 collections in 0.001430 seconds
[2017.03.29-04.01.31:817][  0]LogFileCache: Scanning file cache for directory 'C:/Program Files (x86)/Epic Games/MyProjects/AliceBackup/AliceInChest/Saved/Collections/' took 0.01s
[2017.03.29-04.01.31:817][  0]LogFileCache: Scanning file cache for directory 'C:/Program Files (x86)/Epic Games/MyProjects/AliceBackup/AliceInChest/Content/Developers/thtjd/Collections/' took 0.01s
[2017.03.29-04.01.31:817][  0]LogFileCache: Scanning file cache for directory 'C:/Program Files (x86)/Epic Games/MyProjects/AliceBackup/AliceInChest/Content/Collections/' took 0.01s
[2017.03.29-04.01.31:817][  0]LogCollectionManager: Rebuilt the GUID cache for 1 collections in 0.000003 seconds
[2017.03.29-04.01.31:817][  0]LogCollectionManager: Rebuilt the hierarchy cache for 1 collections in 0.000000 seconds
[2017.03.29-04.01.31:825][  0]LogContentBrowser: Native class hierarchy populated in 0.0072 seconds. Added 2245 classes and 453 folders.
[2017.03.29-04.01.31:828][  0]LogStats: UGameplayTagsManager::ConstructGameplayTagTree: Construct from data asset -  0.000 s
[2017.03.29-04.01.31:828][  0]LogStats: UGameplayTagsManager::ConstructGameplayTagTree: GameplayTagTreeChangedEvent.Broadcast -  0.000 s
[2017.03.29-04.01.31:879][  0]LogContentBrowser: Native class hierarchy updated for 'WidgetCarousel' in 0.0004 seconds. Added 0 classes and 0 folders.
[2017.03.29-04.01.31:910][  0]LogContentBrowser: Native class hierarchy updated for 'AddContentDialog' in 0.0005 seconds. Added 0 classes and 0 folders.
[2017.03.29-04.01.31:965][  0]LogContentBrowser: Native class hierarchy updated for 'SceneOutliner' in 0.0006 seconds. Added 1 classes and 2 folders.
[2017.03.29-04.01.32:063][  0]LogCrashTracker: Crashtracker disabled due to settings.
[2017.03.29-04.01.32:071][  0]LogUObjectGlobals:Warning: Failed to find object 'Class None.'
[2017.03.29-04.01.32:130][  0]LogContentBrowser: Native class hierarchy updated for 'HierarchicalLODOutliner' in 0.0004 seconds. Added 1 classes and 2 folders.
[2017.03.29-04.01.32:130][  0]LogLoad: (Engine Initialization) Total time: 13.85 seconds
[2017.03.29-04.01.32:130][  0]LogLoad: (Engine Initialization) Total Blueprint compile time: 0.04 seconds
[2017.03.29-04.01.32:130][  0]LogExternalProfiler: Found external profiler: VSPerf
[2017.03.29-04.01.32:130][  0]LogExternalProfiler: Using external profiler: VSPerf
[2017.03.29-04.01.32:141][  0]LogOcInput: OculusInput pre-init called
[2017.03.29-04.01.32:152][  0]LogOcInput: OculusInput is initialized. Init status 0. Runtime version: 1.13.0
[2017.03.29-04.01.32:172][  0]LogContentStreaming: Texture pool size now 1000 MB
[2017.03.29-04.01.32:172][  0]LogSlate: Took 0.000175 seconds to synchronously load lazily loaded font '../../../Engine/Content/Slate/Fonts/Roboto-Regular.ttf' (155K)
[2017.03.29-04.01.32:176][  0]LogSlate: Took 0.000205 seconds to synchronously load lazily loaded font '../../../Engine/Content/Slate/Fonts/Roboto-Bold.ttf' (160K)
[2017.03.29-04.01.32:181][  0]LogSlate: Took 0.000162 seconds to synchronously load lazily loaded font '../../../Engine/Content/Editor/Slate/Fonts/FontAwesome.ttf' (139K)
[2017.03.29-04.01.32:283][  0]LogSlate: Took 0.000191 seconds to synchronously load lazily loaded font '../../../Engine/Content/Slate/Fonts/Roboto-Light.ttf' (159K)
[2017.03.29-04.01.32:317][  0]LogRenderer: Reallocating scene render targets to support 1160x576 NumSamples 1 (Frame:2).
[2017.03.29-04.01.32:370][  1]LogAssetRegistry: Asset discovery search completed in 7.1414 seconds
[2017.03.29-04.01.32:370][  1]LogCollectionManager: Rebuilt the object cache for 1 collections in 0.000005 seconds (found 0 objects)
[2017.03.29-04.01.32:370][  1]LogCollectionManager: Fixed up redirectors for 1 collections in 0.000019 seconds (updated 0 objects)
[2017.03.29-04.01.33:170][ 92]LogSlate: Took 0.000222 seconds to synchronously load lazily loaded font '../../../Engine/Content/Slate/Fonts/Roboto-Light.ttf' (159K)
[2017.03.29-04.01.37:201][525]LogSlate: Took 0.000112 seconds to synchronously load lazily loaded font '../../../Engine/Content/Slate/Fonts/Roboto-Light.ttf' (159K)
[2017.03.29-04.01.37:599][525]LogContentBrowser: Native class hierarchy updated for 'BlueprintGraph' in 0.0007 seconds. Added 112 classes and 0 folders.
[2017.03.29-04.01.39:544][525]LogScriptCore:Warning: Script Msg: Attempted to access index 0 from array CallFunc_GetAllActorsOfClass_OutActors of length 0!
[2017.03.29-04.01.39:544][525]LogScript:Warning: Accessed None trying to read property Alice
	MotionControllerPawn_C /Engine/Transient.World_1:PersistentLevel.MotionControllerPawn_C_0
	Function /Game/VirtualRealityBP/Blueprints/MotionControllerPawn.MotionControllerPawn_C:UserConstructionScript:005A
[2017.03.29-04.01.39:550][525]LogSlate: Took 0.000183 seconds to synchronously load lazily loaded font '../../../Engine/Content/Editor/Slate/Fonts/Roboto-BoldCondensed.ttf' (158K)
[2017.03.29-04.01.39:605][526]LogSlate: Took 0.000234 seconds to synchronously load lazily loaded font '../../../Engine/Content/Editor/Slate/Fonts/Roboto-Italic.ttf' (157K)
[2017.03.29-04.01.45:236][124]LogAIModule: Creating AISystem for world ThirdPersonExampleMap
[2017.03.29-04.01.45:283][124]Cmd: MAP LOAD FILE="../../../../../../Program Files (x86)/Epic Games/MyProjects/AliceBackup/AliceInChest/Content/Level/ThirdPersonExampleMap.umap" TEMPLATE=0 SHOWPROGRESS=1 FEATURELEVEL=3
[2017.03.29-04.01.45:283][124]LightingResults: New page: Lighting Build
[2017.03.29-04.01.45:317][124]LogContentBrowser: Native class hierarchy updated for 'StatsViewer' in 0.0005 seconds. Added 5 classes and 0 folders.
[2017.03.29-04.01.45:319][124]LoadErrors: New page: Loading map: ThirdPersonExampleMap.umap
[2017.03.29-04.01.45:319][124]MapCheck: New page: Map Check
[2017.03.29-04.01.45:319][124]LightingResults: New page: Lighting Build
[2017.03.29-04.01.45:425][124]LogEditorServer: Finished looking for orphan Actors (0.000 secs)
[2017.03.29-04.01.45:454][124]Cmd: MAP CHECKDEP NOCLEARLOG
[2017.03.29-04.01.45:500][124]MapCheck: Info Map check complete: 0 Error(s), 0 Warning(s), took 46.117ms to complete.
[2017.03.29-04.01.45:500][124]LogFileHelpers: Loading map 'ThirdPersonExampleMap' took 0.219
[2017.03.29-04.01.50:317][689]LogTemp: Repeting last play command: VR Preview
[2017.03.29-04.01.50:351][689]LogBlueprintUserMessages: Early PlayInEditor Detection: Level '/Game/Level/ThirdPersonExampleMap.ThirdPersonExampleMap:PersistentLevel' has LevelScriptBlueprint '/Game/Level/ThirdPersonExampleMap.ThirdPersonExampleMap:PersistentLevel.ThirdPersonExampleMap' with GeneratedClass '/Game/Level/ThirdPersonExampleMap.ThirdPersonExampleMap_C' with ClassGeneratedBy '/Game/Level/ThirdPersonExampleMap.ThirdPersonExampleMap:PersistentLevel.ThirdPersonExampleMap'
[2017.03.29-04.01.50:351][689]LogPlayLevel: PlayLevel: No blueprints needed recompiling
[2017.03.29-04.01.50:352][689]OCULUS: Debug: [HMDState] Using default profile default
[2017.03.29-04.01.50:352][689]OCULUS: Info: IAD changed to 63.8mm
[2017.03.29-04.01.50:352][689]LogHMD: New ovr session is created
[2017.03.29-04.01.50:352][689]LogHMD: HMD Oculus Rift CV1, res = 2160 x 1200
[2017.03.29-04.01.50:353][689]PIE: New page: PIE session: ThirdPersonExampleMap (Mar 29, 2017, 10:01:50 PM)
[2017.03.29-04.01.50:353][689]LogPlayLevel: Creating play world package: /Game/Level/UEDPIE_0_ThirdPersonExampleMap
[2017.03.29-04.01.50:373][689]LogPlayLevel: PIE: StaticDuplicateObject took: (0.020699s)
[2017.03.29-04.01.50:374][689]LogAIModule: Creating AISystem for world ThirdPersonExampleMap
[2017.03.29-04.01.50:375][689]LogPlayLevel: PIE: World Init took: (0.000940s)
[2017.03.29-04.01.50:375][689]LogPlayLevel: PIE: Created PIE world by copying editor world from /Game/Level/ThirdPersonExampleMap.ThirdPersonExampleMap to /Game/Level/UEDPIE_0_ThirdPersonExampleMap.ThirdPersonExampleMap (0.021943s)
[2017.03.29-04.01.50:402][689]LogInit: XAudio2 using '헤드폰(Rift Audio)' : 2 channels at 48 kHz using 16 bits per sample (channel mask 0x3)
[2017.03.29-04.01.50:409][689]LogInit: FAudioDevice initialized.
[2017.03.29-04.01.50:552][689]LogLoad: Game class is 'CustomGameMode_C'
[2017.03.29-04.01.50:555][689]LogWorld: Bringing World /Game/Level/UEDPIE_0_ThirdPersonExampleMap.ThirdPersonExampleMap up for play (max tick rate 0) at 2017.03.29-13.01.50
[2017.03.29-04.01.50:555][689]LogWorld: Bringing up level for play took: 0.001681
[2017.03.29-04.01.50:591][689]LogContentBrowser: Native class hierarchy updated for 'MovieSceneCapture' in 0.0005 seconds. Added 11 classes and 0 folders.
[2017.03.29-04.01.50:604][689]PIE: Info Play in editor start time for /Game/Level/UEDPIE_0_ThirdPersonExampleMap -0.315
[2017.03.29-04.01.50:604][689]LogBlueprintUserMessages: Late PlayInEditor Detection: Level '/Game/Level/ThirdPersonExampleMap.ThirdPersonExampleMap:PersistentLevel' has LevelScriptBlueprint '/Game/Level/ThirdPersonExampleMap.ThirdPersonExampleMap:PersistentLevel.ThirdPersonExampleMap' with GeneratedClass '/Game/Level/ThirdPersonExampleMap.ThirdPersonExampleMap_C' with ClassGeneratedBy '/Game/Level/ThirdPersonExampleMap.ThirdPersonExampleMap:PersistentLevel.ThirdPersonExampleMap'
[2017.03.29-04.01.50:621][689]LogHMD: Reallocation of eye buffer was requested
[2017.03.29-04.01.50:623][689]LogHMD: Allocated a new swap texture set (size 2720 x 1600, mipcount = 1), 0x0000019D82A38540
[2017.03.29-04.01.50:655][689]LogHMD: Allocated a new mirror texture (size 1280 x 720)
[2017.03.29-04.01.50:655][689]LogRenderer: Reallocating scene render targets to support 2720x1600 NumSamples 1 (Frame:1661).
[2017.03.29-04.01.53:489][951]LogHMD: Vision Tracking Acquired
[2017.03.29-04.02.02:645][796]LogBlueprintUserMessages: Early EndPlayMap Detection: Level '/Game/Level/ThirdPersonExampleMap.ThirdPersonExampleMap:PersistentLevel' has LevelScriptBlueprint '/Game/Level/ThirdPersonExampleMap.ThirdPersonExampleMap:PersistentLevel.ThirdPersonExampleMap' with GeneratedClass '/Game/Level/ThirdPersonExampleMap.ThirdPersonExampleMap_C' with ClassGeneratedBy '/Game/Level/ThirdPersonExampleMap.ThirdPersonExampleMap:PersistentLevel.ThirdPersonExampleMap'
[2017.03.29-04.02.02:648][796]LogHMD: Destroying ovr session
[2017.03.29-04.02.02:648][796]LogHMD: Freeing textureSet 0x0000019D82A38540
[2017.03.29-04.02.02:753][796]LogBlueprintUserMessages: Late EndPlayMap Detection: Level '/Game/Level/ThirdPersonExampleMap.ThirdPersonExampleMap:PersistentLevel' has LevelScriptBlueprint '/Game/Level/ThirdPersonExampleMap.ThirdPersonExampleMap:PersistentLevel.ThirdPersonExampleMap' with GeneratedClass '/Game/Level/ThirdPersonExampleMap.ThirdPersonExampleMap_C' with ClassGeneratedBy '/Game/Level/ThirdPersonExampleMap.ThirdPersonExampleMap:PersistentLevel.ThirdPersonExampleMap'
[2017.03.29-04.02.17:791][578]OCULUS: Info: [HMDState] Requested to SetForegroundWindow(40450ll)
[2017.03.29-04.02.41:169][777]OCULUS: Info: [HMDState] Requested to SetForegroundWindow(40450ll)
[2017.03.29-04.03.01:276][774]OCULUS: Info: [HMDState] Requested to SetForegroundWindow(40450ll)
[2017.03.29-04.03.01:277][774]OCULUS: Info: [HMDState] Requested to SetForegroundWindow(40450ll)
[2017.03.29-04.03.01:277][774]OCULUS: Info: [HMDState] Requested to SetForegroundWindow(40450ll)
[2017.03.29-04.03.01:277][774]OCULUS: Info: [HMDState] Requested to SetForegroundWindow(40450ll)
[2017.03.29-04.03.04:480][ 71]OCULUS: Info: [HMDState] Requested to SetForegroundWindow(40450ll)
[2017.03.29-04.03.40:955][378]OCULUS: Info: [HMDState] Requested to SetForegroundWindow(40450ll)
[2017.03.29-04.03.46:695][ 62]OCULUS: Info: [HMDState] Requested to SetForegroundWindow(40450ll)
[2017.03.29-04.03.48:858][318]LogTemp: Repeting last play command: VR Preview
[2017.03.29-04.03.48:877][318]LogBlueprintUserMessages: Early PlayInEditor Detection: Level '/Game/Level/ThirdPersonExampleMap.ThirdPersonExampleMap:PersistentLevel' has LevelScriptBlueprint '/Game/Level/ThirdPersonExampleMap.ThirdPersonExampleMap:PersistentLevel.ThirdPersonExampleMap' with GeneratedClass '/Game/Level/ThirdPersonExampleMap.ThirdPersonExampleMap_C' with ClassGeneratedBy '/Game/Level/ThirdPersonExampleMap.ThirdPersonExampleMap:PersistentLevel.ThirdPersonExampleMap'
[2017.03.29-04.03.48:878][318]LogPlayLevel: PlayLevel: No blueprints needed recompiling
[2017.03.29-04.03.48:879][318]OCULUS: Debug: [HMDState] Using default profile default
[2017.03.29-04.03.48:879][318]OCULUS: Info: IAD changed to 64.2mm
[2017.03.29-04.03.48:879][318]LogHMD: New ovr session is created
[2017.03.29-04.03.48:879][318]LogHMD: HMD Oculus Rift CV1, res = 2160 x 1200
[2017.03.29-04.03.48:879][318]PIE: New page: PIE session: ThirdPersonExampleMap (Mar 29, 2017, 10:03:48 PM)
[2017.03.29-04.03.48:879][318]LogPlayLevel: Creating play world package: /Game/Level/UEDPIE_0_ThirdPersonExampleMap
[2017.03.29-04.03.48:896][318]LogPlayLevel: PIE: StaticDuplicateObject took: (0.017252s)
[2017.03.29-04.03.48:897][318]LogAIModule: Creating AISystem for world ThirdPersonExampleMap
[2017.03.29-04.03.48:897][318]LogPlayLevel: PIE: World Init took: (0.000905s)
[2017.03.29-04.03.48:898][318]LogPlayLevel: PIE: Created PIE world by copying editor world from /Game/Level/ThirdPersonExampleMap.ThirdPersonExampleMap to /Game/Level/UEDPIE_0_ThirdPersonExampleMap.ThirdPersonExampleMap (0.018446s)
[2017.03.29-04.03.48:927][318]LogInit: XAudio2 using '헤드폰(Rift Audio)' : 2 channels at 48 kHz using 16 bits per sample (channel mask 0x3)
[2017.03.29-04.03.48:933][318]LogInit: FAudioDevice initialized.
[2017.03.29-04.03.49:049][318]LogLoad: Game class is 'CustomGameMode_C'
[2017.03.29-04.03.49:052][318]LogWorld: Bringing World /Game/Level/UEDPIE_0_ThirdPersonExampleMap.ThirdPersonExampleMap up for play (max tick rate 0) at 2017.03.29-13.03.49
[2017.03.29-04.03.49:052][318]LogWorld: Bringing up level for play took: 0.001873
[2017.03.29-04.03.49:063][318]PIE: Info Play in editor start time for /Game/Level/UEDPIE_0_ThirdPersonExampleMap 0.145
[2017.03.29-04.03.49:064][318]LogBlueprintUserMessages: Late PlayInEditor Detection: Level '/Game/Level/ThirdPersonExampleMap.ThirdPersonExampleMap:PersistentLevel' has LevelScriptBlueprint '/Game/Level/ThirdPersonExampleMap.ThirdPersonExampleMap:PersistentLevel.ThirdPersonExampleMap' with GeneratedClass '/Game/Level/ThirdPersonExampleMap.ThirdPersonExampleMap_C' with ClassGeneratedBy '/Game/Level/ThirdPersonExampleMap.ThirdPersonExampleMap:PersistentLevel.ThirdPersonExampleMap'
[2017.03.29-04.03.49:105][318]LogBlueprintUserMessages: Early EndPlayMap Detection: Level '/Game/Level/ThirdPersonExampleMap.ThirdPersonExampleMap:PersistentLevel' has LevelScriptBlueprint '/Game/Level/ThirdPersonExampleMap.ThirdPersonExampleMap:PersistentLevel.ThirdPersonExampleMap' with GeneratedClass '/Game/Level/ThirdPersonExampleMap.ThirdPersonExampleMap_C' with ClassGeneratedBy '/Game/Level/ThirdPersonExampleMap.ThirdPersonExampleMap:PersistentLevel.ThirdPersonExampleMap'
[2017.03.29-04.03.49:105][318]LogHMD: Destroying ovr session
[2017.03.29-04.03.49:108][318]OCULUS: Info: [HMDState] Requested to SetForegroundWindow(40642ll)
[2017.03.29-04.03.49:143][318]LogBlueprintUserMessages: Late EndPlayMap Detection: Level '/Game/Level/ThirdPersonExampleMap.ThirdPersonExampleMap:PersistentLevel' has LevelScriptBlueprint '/Game/Level/ThirdPersonExampleMap.ThirdPersonExampleMap:PersistentLevel.ThirdPersonExampleMap' with GeneratedClass '/Game/Level/ThirdPersonExampleMap.ThirdPersonExampleMap_C' with ClassGeneratedBy '/Game/Level/ThirdPersonExampleMap.ThirdPersonExampleMap:PersistentLevel.ThirdPersonExampleMap'
[2017.03.29-04.03.51:376][578]LogTemp: Repeting last play command: VR Preview
[2017.03.29-04.03.51:394][578]LogBlueprintUserMessages: Early PlayInEditor Detection: Level '/Game/Level/ThirdPersonExampleMap.ThirdPersonExampleMap:PersistentLevel' has LevelScriptBlueprint '/Game/Level/ThirdPersonExampleMap.ThirdPersonExampleMap:PersistentLevel.ThirdPersonExampleMap' with GeneratedClass '/Game/Level/ThirdPersonExampleMap.ThirdPersonExampleMap_C' with ClassGeneratedBy '/Game/Level/ThirdPersonExampleMap.ThirdPersonExampleMap:PersistentLevel.ThirdPersonExampleMap'
[2017.03.29-04.03.51:394][578]LogPlayLevel: PlayLevel: No blueprints needed recompiling
[2017.03.29-04.03.51:395][578]OCULUS: Debug: [HMDState] Using default profile default
[2017.03.29-04.03.51:395][578]OCULUS: Info: IAD changed to 64.2mm
[2017.03.29-04.03.51:395][578]LogHMD: New ovr session is created
[2017.03.29-04.03.51:395][578]LogHMD: HMD Oculus Rift CV1, res = 2160 x 1200
[2017.03.29-04.03.51:395][578]PIE: New page: PIE session: ThirdPersonExampleMap (Mar 29, 2017, 10:03:51 PM)
[2017.03.29-04.03.51:396][578]LogPlayLevel: Creating play world package: /Game/Level/UEDPIE_0_ThirdPersonExampleMap
[2017.03.29-04.03.51:413][578]LogPlayLevel: PIE: StaticDuplicateObject took: (0.017694s)
[2017.03.29-04.03.51:414][578]LogAIModule: Creating AISystem for world ThirdPersonExampleMap
[2017.03.29-04.03.51:414][578]LogPlayLevel: PIE: World Init took: (0.000750s)
[2017.03.29-04.03.51:414][578]LogPlayLevel: PIE: Created PIE world by copying editor world from /Game/Level/ThirdPersonExampleMap.ThirdPersonExampleMap to /Game/Level/UEDPIE_0_ThirdPersonExampleMap.ThirdPersonExampleMap (0.018717s)
[2017.03.29-04.03.51:443][578]LogInit: XAudio2 using '헤드폰(Rift Audio)' : 2 channels at 48 kHz using 16 bits per sample (channel mask 0x3)
[2017.03.29-04.03.51:448][578]LogInit: FAudioDevice initialized.
[2017.03.29-04.03.51:505][578]LogHMD: Need to reallocate eye buffer, reason: no textureset was allocated
[2017.03.29-04.03.51:507][578]LogHMD: Allocated a new swap texture set (size 2720 x 1600, mipcount = 1), 0x0000019E0396DEE0
[2017.03.29-04.03.51:539][578]LogLoad: Game class is 'CustomGameMode_C'
[2017.03.29-04.03.51:541][578]LogWorld: Bringing World /Game/Level/UEDPIE_0_ThirdPersonExampleMap.ThirdPersonExampleMap up for play (max tick rate 0) at 2017.03.29-13.03.51
[2017.03.29-04.03.51:541][578]LogWorld: Bringing up level for play took: 0.001730
[2017.03.29-04.03.51:543][578]LogUnrealMath:Error: FMatrix::InverseFast(), trying to invert a NIL matrix, this results in NaNs! Use Inverse() instead.
[2017.03.29-04.03.51:543][578]LogOutputDevice:Warning: 

Script Stack:
BP_MotionController_C.SetupRoomScaleOutline
BP_MotionController_C.ExecuteUbergraph_BP_MotionController
BP_MotionController_C.ReceiveBeginPlay
MotionControllerPawn_C.ExecuteUbergraph_MotionControllerPawn
MotionControllerPawn_C.ReceiveBeginPlay

[2017.03.29-04.03.51:591][578]LogStats: FPlatformStackWalk::StackWalkAndDump -  0.049 s
[2017.03.29-04.03.51:591][578]LogOutputDevice:Error: === Handled ensure: ===
[2017.03.29-04.03.51:591][578]LogOutputDevice:Error: 
[2017.03.29-04.03.51:591][578]LogOutputDevice:Error: Ensure condition failed: false [File:D:\Build\++UE4+Release-4.15+Compile\Sync\Engine\Source\Runtime\Core\Private\Math\Matrix.cpp] [Line: 8]
[2017.03.29-04.03.51:591][578]LogOutputDevice:Error: FMatrix::InverseFast(), trying to invert a NIL matrix, this results in NaNs! Use Inverse() instead.
[2017.03.29-04.03.51:591][578]LogOutputDevice:Error: Stack: 
[2017.03.29-04.03.51:591][578]LogOutputDevice:Error: UE4Editor-Core.dll!0x0000000073E695E6
[2017.03.29-04.03.51:591][578]LogOutputDevice:Error: UE4Editor-Core.dll!0x0000000073C19B82
[2017.03.29-04.03.51:591][578]LogOutputDevice:Error: UE4Editor-Core.dll!0x0000000073C2B666
[2017.03.29-04.03.51:591][578]LogOutputDevice:Error: UE4Editor-Core.dll!0x0000000073BC2401
[2017.03.29-04.03.51:591][578]LogOutputDevice:Error: UE4Editor-Engine.dll!0x00000000601A4FBB
[2017.03.29-04.03.51:591][578]LogOutputDevice:Error: UE4Editor-Engine.dll!0x0000000060AB9626
[2017.03.29-04.03.51:591][578]LogOutputDevice:Error: UE4Editor-Engine.dll!0x0000000060AEFD14
[2017.03.29-04.03.51:591][578]LogOutputDevice:Error: UE4Editor-CoreUObject.dll!0x0000000075314C1A
[2017.03.29-04.03.51:591][578]LogOutputDevice:Error: UE4Editor-CoreUObject.dll!0x0000000075447A1E
[2017.03.29-04.03.51:591][578]LogOutputDevice:Error: UE4Editor-CoreUObject.dll!0x0000000075469A71
[2017.03.29-04.03.51:591][578]LogOutputDevice:Error: UE4Editor-CoreUObject.dll!0x000000007546BC72
[2017.03.29-04.03.51:591][578]LogOutputDevice:Error: UE4Editor-CoreUObject.dll!0x000000007544842E
[2017.03.29-04.03.51:591][578]LogOutputDevice:Error: UE4Editor-CoreUObject.dll!0x0000000075491BC3
[2017.03.29-04.03.51:591][578]LogOutputDevice:Error: UE4Editor-CoreUObject.dll!0x000000007546BC72
[2017.03.29-04.03.51:591][578]LogOutputDevice:Error: UE4Editor-CoreUObject.dll!0x000000007544842E
[2017.03.29-04.03.51:591][578]LogOutputDevice:Error: UE4Editor-CoreUObject.dll!0x0000000075491BC3
[2017.03.29-04.03.51:591][578]LogOutputDevice:Error: UE4Editor-CoreUObject.dll!0x000000007546BC72
[2017.03.29-04.03.51:592][578]LogOutputDevice:Error: UE4Editor-CoreUObject.dll!0x0000000075314C1A
[2017.03.29-04.03.51:592][578]LogOutputDevice:Error: UE4Editor-CoreUObject.dll!0x000000007546AFEB
[2017.03.29-04.03.51:592][578]LogOutputDevice:Error: UE4Editor-Engine.dll!0x0000000060293922
[2017.03.29-04.03.51:592][578]LogOutputDevice:Error: UE4Editor-Engine.dll!0x0000000061527977
[2017.03.29-04.03.51:592][578]LogOutputDevice:Error: UE4Editor-Engine.dll!0x0000000060252CDF
[2017.03.29-04.03.51:592][578]LogOutputDevice:Error: UE4Editor-Engine.dll!0x000000006025FE2B
[2017.03.29-04.03.51:592][578]LogOutputDevice:Error: UE4Editor-Engine.dll!0x000000006028F398
[2017.03.29-04.03.51:592][578]LogOutputDevice:Error: UE4Editor-Engine.dll!0x000000006026F86B
[2017.03.29-04.03.51:592][578]LogOutputDevice:Error: UE4Editor-Engine.dll!0x0000000060944249
[2017.03.29-04.03.51:592][578]LogOutputDevice:Error: UE4Editor-Engine.dll!0x00000000602CB056
[2017.03.29-04.03.51:592][578]LogOutputDevice:Error: UE4Editor-CoreUObject.dll!0x0000000075314C1A
[2017.03.29-04.03.51:592][578]LogOutputDevice:Error: UE4Editor-CoreUObject.dll!0x0000000075447A1E
[2017.03.29-04.03.51:592][578]LogOutputDevice:Error: UE4Editor-CoreUObject.dll!0x0000000075469A71
[2017.03.29-04.03.51:592][578]LogOutputDevice:Error: UE4Editor-CoreUObject.dll!0x000000007548F51B
[2017.03.29-04.03.51:592][578]LogOutputDevice:Error: UE4Editor-CoreUObject.dll!0x000000007546BC72
[2017.03.29-04.03.51:592][578]LogOutputDevice:Error: UE4Editor-CoreUObject.dll!0x000000007544842E
[2017.03.29-04.03.51:592][578]LogOutputDevice:Error: UE4Editor-CoreUObject.dll!0x0000000075491BC3
[2017.03.29-04.03.51:592][578]LogOutputDevice:Error: UE4Editor-CoreUObject.dll!0x000000007546BC72
[2017.03.29-04.03.51:592][578]LogOutputDevice:Error: UE4Editor-CoreUObject.dll!0x0000000075314C1A
[2017.03.29-04.03.51:592][578]LogOutputDevice:Error: UE4Editor-CoreUObject.dll!0x000000007546AFEB
[2017.03.29-04.03.51:592][578]LogOutputDevice:Error: UE4Editor-Engine.dll!0x0000000060293922
[2017.03.29-04.03.51:592][578]LogOutputDevice:Error: UE4Editor-Engine.dll!0x0000000061527977
[2017.03.29-04.03.51:592][578]LogOutputDevice:Error: UE4Editor-Engine.dll!0x0000000060252CDF
[2017.03.29-04.03.51:592][578]LogOutputDevice:Error: UE4Editor-Engine.dll!0x000000006025FE2B
[2017.03.29-04.03.51:592][578]LogOutputDevice:Error: UE4Editor-Engine.dll!0x00000000613956C4
[2017.03.29-04.03.51:592][578]LogOutputDevice:Error: UE4Editor-Engine.dll!0x000000006094D5F1
[2017.03.29-04.03.51:592][578]LogOutputDevice:Error: UE4Editor-Engine.dll!0x0000000061382F6E
[2017.03.29-04.03.51:592][578]LogOutputDevice:Error: UE4Editor-Engine.dll!0x000000006096C0E3
[2017.03.29-04.03.51:592][578]LogOutputDevice:Error: UE4Editor-UnrealEd.dll!0x000000006F618AD7
[2017.03.29-04.03.51:592][578]LogOutputDevice:Error: UE4Editor-UnrealEd.dll!0x000000006F6452DD
[2017.03.29-04.03.51:592][578]LogOutputDevice:Error: UE4Editor-UnrealEd.dll!0x000000006F661764
[2017.03.29-04.03.51:592][578]LogOutputDevice:Error: UE4Editor-UnrealEd.dll!0x000000006F14626B
[2017.03.29-04.03.51:592][578]LogOutputDevice:Error: UE4Editor-UnrealEd.dll!0x000000006F952086
[2017.03.29-04.03.51:592][578]LogOutputDevice:Error: UE4Editor.exe!0x000000006E38DEE3
[2017.03.29-04.03.51:592][578]LogOutputDevice:Error: UE4Editor.exe!0x000000006E37EB40
[2017.03.29-04.03.51:592][578]LogOutputDevice:Error: UE4Editor.exe!0x000000006E37EBBA
[2017.03.29-04.03.51:592][578]LogOutputDevice:Error: UE4Editor.exe!0x000000006E390A29
[2017.03.29-04.03.51:592][578]LogOutputDevice:Error: UE4Editor.exe!0x000000006E3922B6
[2017.03.29-04.03.51:592][578]LogOutputDevice:Error: KERNEL32.DLL!0x00000000A1058364
[2017.03.29-04.03.51:592][578]LogOutputDevice:Error: ntdll.dll!0x00000000A18E70D1
[2017.03.29-04.03.51:592][578]LogOutputDevice:Error: 
[2017.03.29-04.03.51:599][578]LogStats:                SubmitErrorReport -  0.000 s
[2017.03.29-04.03.51:759][578]LogStats:                    SendNewReport -  0.159 s
[2017.03.29-04.03.51:759][578]LogStats:             FDebug::EnsureFailed -  0.216 s
[2017.03.29-04.03.51:759][578]LogUnrealMath:Error: FMatrix::InverseFast(), trying to invert a NIL matrix, this results in NaNs! Use Inverse() instead.
[2017.03.29-04.03.51:759][578]LogUnrealMath:Error: FMatrix::InverseFast(), trying to invert a NIL matrix, this results in NaNs! Use Inverse() instead.
[2017.03.29-04.03.51:759][578]LogUnrealMath:Error: FMatrix::InverseFast(), trying to invert a NIL matrix, this results in NaNs! Use Inverse() instead.
[2017.03.29-04.03.51:759][578]LogBlueprint:Warning: SetRelativeScale3D : Invalid Scale entered (X=0.000 Y=-nan(ind) Z=70.000). Resetting to 1.f.
[2017.03.29-04.03.51:760][578]LogUnrealMath:Error: FMatrix::InverseFast(), trying to invert a NIL matrix, this results in NaNs! Use Inverse() instead.
[2017.03.29-04.03.51:760][578]LogUnrealMath:Error: FMatrix::InverseFast(), trying to invert a NIL matrix, this results in NaNs! Use Inverse() instead.
[2017.03.29-04.03.51:760][578]LogUnrealMath:Error: FMatrix::InverseFast(), trying to invert a NIL matrix, this results in NaNs! Use Inverse() instead.
[2017.03.29-04.03.51:760][578]LogUnrealMath:Error: FMatrix::InverseFast(), trying to invert a NIL matrix, this results in NaNs! Use Inverse() instead.
[2017.03.29-04.03.51:760][578]LogBlueprint:Warning: SetRelativeScale3D : Invalid Scale entered (X=0.000 Y=-nan(ind) Z=70.000). Resetting to 1.f.
[2017.03.29-04.03.51:771][578]PIE: Info Play in editor start time for /Game/Level/UEDPIE_0_ThirdPersonExampleMap 0.853
[2017.03.29-04.03.51:771][578]LogBlueprintUserMessages: Late PlayInEditor Detection: Level '/Game/Level/ThirdPersonExampleMap.ThirdPersonExampleMap:PersistentLevel' has LevelScriptBlueprint '/Game/Level/ThirdPersonExampleMap.ThirdPersonExampleMap:PersistentLevel.ThirdPersonExampleMap' with GeneratedClass '/Game/Level/ThirdPersonExampleMap.ThirdPersonExampleMap_C' with ClassGeneratedBy '/Game/Level/ThirdPersonExampleMap.ThirdPersonExampleMap:PersistentLevel.ThirdPersonExampleMap'
[2017.03.29-04.03.51:785][578]LogHMD: Destroying ovr session
[2017.03.29-04.03.51:785][578]LogHMD: Freeing textureSet 0x0000019E0396DEE0
[2017.03.29-04.03.51:793][578]OCULUS: Info: [HMDState] Requested to SetForegroundWindow(40642ll)
[2017.03.29-04.03.54:947][722]LogBlueprintUserMessages: Early EndPlayMap Detection: Level '/Game/Level/ThirdPersonExampleMap.ThirdPersonExampleMap:PersistentLevel' has LevelScriptBlueprint '/Game/Level/ThirdPersonExampleMap.ThirdPersonExampleMap:PersistentLevel.ThirdPersonExampleMap' with GeneratedClass '/Game/Level/ThirdPersonExampleMap.ThirdPersonExampleMap_C' with ClassGeneratedBy '/Game/Level/ThirdPersonExampleMap.ThirdPersonExampleMap:PersistentLevel.ThirdPersonExampleMap'
[2017.03.29-04.03.55:010][722]LogBlueprintUserMessages: Late EndPlayMap Detection: Level '/Game/Level/ThirdPersonExampleMap.ThirdPersonExampleMap:PersistentLevel' has LevelScriptBlueprint '/Game/Level/ThirdPersonExampleMap.ThirdPersonExampleMap:PersistentLevel.ThirdPersonExampleMap' with GeneratedClass '/Game/Level/ThirdPersonExampleMap.ThirdPersonExampleMap_C' with ClassGeneratedBy '/Game/Level/ThirdPersonExampleMap.ThirdPersonExampleMap:PersistentLevel.ThirdPersonExampleMap'
[2017.03.29-04.03.57:457][  0]LogBlueprintUserMessages: Early PlayInEditor Detection: Level '/Game/Level/ThirdPersonExampleMap.ThirdPersonExampleMap:PersistentLevel' has LevelScriptBlueprint '/Game/Level/ThirdPersonExampleMap.ThirdPersonExampleMap:PersistentLevel.ThirdPersonExampleMap' with GeneratedClass '/Game/Level/ThirdPersonExampleMap.ThirdPersonExampleMap_C' with ClassGeneratedBy '/Game/Level/ThirdPersonExampleMap.ThirdPersonExampleMap:PersistentLevel.ThirdPersonExampleMap'
[2017.03.29-04.03.57:457][  0]LogPlayLevel: PlayLevel: No blueprints needed recompiling
[2017.03.29-04.03.57:457][  0]OCULUS: Debug: [HMDState] Using default profile default
[2017.03.29-04.03.57:457][  0]OCULUS: Info: IAD changed to 64.2mm
[2017.03.29-04.03.57:457][  0]LogHMD: New ovr session is created
[2017.03.29-04.03.57:457][  0]LogHMD: HMD Oculus Rift CV1, res = 2160 x 1200
[2017.03.29-04.03.57:457][  0]PIE: New page: PIE session: ThirdPersonExampleMap (Mar 29, 2017, 10:03:57 PM)
[2017.03.29-04.03.57:457][  0]LogPlayLevel: Creating play world package: /Game/Level/UEDPIE_0_ThirdPersonExampleMap
[2017.03.29-04.03.57:474][  0]LogPlayLevel: PIE: StaticDuplicateObject took: (0.016084s)
[2017.03.29-04.03.57:474][  0]LogAIModule: Creating AISystem for world ThirdPersonExampleMap
[2017.03.29-04.03.57:474][  0]LogPlayLevel: PIE: World Init took: (0.000754s)
[2017.03.29-04.03.57:475][  0]LogPlayLevel: PIE: Created PIE world by copying editor world from /Game/Level/ThirdPersonExampleMap.ThirdPersonExampleMap to /Game/Level/UEDPIE_0_ThirdPersonExampleMap.ThirdPersonExampleMap (0.017135s)
[2017.03.29-04.03.57:502][  0]LogInit: XAudio2 using '헤드폰(Rift Audio)' : 2 channels at 48 kHz using 16 bits per sample (channel mask 0x3)
[2017.03.29-04.03.57:507][  0]LogInit: FAudioDevice initialized.
[2017.03.29-04.03.57:617][  0]LogLoad: Game class is 'CustomGameMode_C'
[2017.03.29-04.03.57:619][  0]LogWorld: Bringing World /Game/Level/UEDPIE_0_ThirdPersonExampleMap.ThirdPersonExampleMap up for play (max tick rate 0) at 2017.03.29-13.03.57
[2017.03.29-04.03.57:619][  0]LogWorld: Bringing up level for play took: 0.001642
[2017.03.29-04.03.57:631][  0]PIE: Info Play in editor start time for /Game/Level/UEDPIE_0_ThirdPersonExampleMap 0.713
[2017.03.29-04.03.57:631][  0]LogBlueprintUserMessages: Late PlayInEditor Detection: Level '/Game/Level/ThirdPersonExampleMap.ThirdPersonExampleMap:PersistentLevel' has LevelScriptBlueprint '/Game/Level/ThirdPersonExampleMap.ThirdPersonExampleMap:PersistentLevel.ThirdPersonExampleMap' with GeneratedClass '/Game/Level/ThirdPersonExampleMap.ThirdPersonExampleMap_C' with ClassGeneratedBy '/Game/Level/ThirdPersonExampleMap.ThirdPersonExampleMap:PersistentLevel.ThirdPersonExampleMap'
[2017.03.29-04.03.57:662][  0]LogBlueprintUserMessages: Early EndPlayMap Detection: Level '/Game/Level/ThirdPersonExampleMap.ThirdPersonExampleMap:PersistentLevel' has LevelScriptBlueprint '/Game/Level/ThirdPersonExampleMap.ThirdPersonExampleMap:PersistentLevel.ThirdPersonExampleMap' with GeneratedClass '/Game/Level/ThirdPersonExampleMap.ThirdPersonExampleMap_C' with ClassGeneratedBy '/Game/Level/ThirdPersonExampleMap.ThirdPersonExampleMap:PersistentLevel.ThirdPersonExampleMap'
[2017.03.29-04.03.57:662][  0]LogHMD: Destroying ovr session
[2017.03.29-04.03.57:665][  0]OCULUS: Info: [HMDState] Requested to SetForegroundWindow(40642ll)
[2017.03.29-04.03.57:695][  0]LogBlueprintUserMessages: Late EndPlayMap Detection: Level '/Game/Level/ThirdPersonExampleMap.ThirdPersonExampleMap:PersistentLevel' has LevelScriptBlueprint '/Game/Level/ThirdPersonExampleMap.ThirdPersonExampleMap:PersistentLevel.ThirdPersonExampleMap' with GeneratedClass '/Game/Level/ThirdPersonExampleMap.ThirdPersonExampleMap_C' with ClassGeneratedBy '/Game/Level/ThirdPersonExampleMap.ThirdPersonExampleMap:PersistentLevel.ThirdPersonExampleMap'
[2017.03.29-04.04.01:477][284]LogTemp: Repeting last play command: VR Preview
[2017.03.29-04.04.01:496][284]LogBlueprintUserMessages: Early PlayInEditor Detection: Level '/Game/Level/ThirdPersonExampleMap.ThirdPersonExampleMap:PersistentLevel' has LevelScriptBlueprint '/Game/Level/ThirdPersonExampleMap.ThirdPersonExampleMap:PersistentLevel.ThirdPersonExampleMap' with GeneratedClass '/Game/Level/ThirdPersonExampleMap.ThirdPersonExampleMap_C' with ClassGeneratedBy '/Game/Level/ThirdPersonExampleMap.ThirdPersonExampleMap:PersistentLevel.ThirdPersonExampleMap'
[2017.03.29-04.04.01:496][284]LogPlayLevel: PlayLevel: No blueprints needed recompiling
[2017.03.29-04.04.01:496][284]OCULUS: Debug: [HMDState] Using default profile default
[2017.03.29-04.04.01:496][284]OCULUS: Info: IAD changed to 64.2mm
[2017.03.29-04.04.01:496][284]LogHMD: New ovr session is created
[2017.03.29-04.04.01:497][284]LogHMD: HMD Oculus Rift CV1, res = 2160 x 1200
[2017.03.29-04.04.01:497][284]PIE: New page: PIE session: ThirdPersonExampleMap (Mar 29, 2017, 10:04:01 PM)
[2017.03.29-04.04.01:497][284]LogPlayLevel: Creating play world package: /Game/Level/UEDPIE_0_ThirdPersonExampleMap
[2017.03.29-04.04.01:514][284]LogPlayLevel: PIE: StaticDuplicateObject took: (0.017091s)
[2017.03.29-04.04.01:514][284]LogAIModule: Creating AISystem for world ThirdPersonExampleMap
[2017.03.29-04.04.01:515][284]LogPlayLevel: PIE: World Init took: (0.000686s)
[2017.03.29-04.04.01:515][284]LogPlayLevel: PIE: Created PIE world by copying editor world from /Game/Level/ThirdPersonExampleMap.ThirdPersonExampleMap to /Game/Level/UEDPIE_0_ThirdPersonExampleMap.ThirdPersonExampleMap (0.018004s)
[2017.03.29-04.04.01:545][284]LogInit: XAudio2 using '헤드폰(Rift Audio)' : 2 channels at 48 kHz using 16 bits per sample (channel mask 0x3)
[2017.03.29-04.04.01:551][284]LogInit: FAudioDevice initialized.
[2017.03.29-04.04.01:606][284]LogHMD: Need to reallocate eye buffer, reason: size / quality changed
[2017.03.29-04.04.01:608][284]LogHMD: Allocated a new swap texture set (size 2720 x 1600, mipcount = 1), 0x0000019DB6B4E170
[2017.03.29-04.04.01:640][284]LogLoad: Game class is 'CustomGameMode_C'
[2017.03.29-04.04.01:643][284]LogWorld: Bringing World /Game/Level/UEDPIE_0_ThirdPersonExampleMap.ThirdPersonExampleMap up for play (max tick rate 0) at 2017.03.29-13.04.01
[2017.03.29-04.04.01:643][284]LogWorld: Bringing up level for play took: 0.002049
[2017.03.29-04.04.01:645][284]LogUnrealMath:Error: FMatrix::InverseFast(), trying to invert a NIL matrix, this results in NaNs! Use Inverse() instead.
[2017.03.29-04.04.01:645][284]LogUnrealMath:Error: FMatrix::InverseFast(), trying to invert a NIL matrix, this results in NaNs! Use Inverse() instead.
[2017.03.29-04.04.01:645][284]LogUnrealMath:Error: FMatrix::InverseFast(), trying to invert a NIL matrix, this results in NaNs! Use Inverse() instead.
[2017.03.29-04.04.01:645][284]LogUnrealMath:Error: FMatrix::InverseFast(), trying to invert a NIL matrix, this results in NaNs! Use Inverse() instead.
[2017.03.29-04.04.01:645][284]LogBlueprint:Warning: SetRelativeScale3D : Invalid Scale entered (X=0.000 Y=-nan(ind) Z=70.000). Resetting to 1.f.
[2017.03.29-04.04.01:646][284]LogUnrealMath:Error: FMatrix::InverseFast(), trying to invert a NIL matrix, this results in NaNs! Use Inverse() instead.
[2017.03.29-04.04.01:646][284]LogUnrealMath:Error: FMatrix::InverseFast(), trying to invert a NIL matrix, this results in NaNs! Use Inverse() instead.
[2017.03.29-04.04.01:646][284]LogUnrealMath:Error: FMatrix::InverseFast(), trying to invert a NIL matrix, this results in NaNs! Use Inverse() instead.
[2017.03.29-04.04.01:646][284]LogUnrealMath:Error: FMatrix::InverseFast(), trying to invert a NIL matrix, this results in NaNs! Use Inverse() instead.
[2017.03.29-04.04.01:646][284]LogBlueprint:Warning: SetRelativeScale3D : Invalid Scale entered (X=0.000 Y=-nan(ind) Z=70.000). Resetting to 1.f.
[2017.03.29-04.04.01:654][284]PIE: Info Play in editor start time for /Game/Level/UEDPIE_0_ThirdPersonExampleMap 0.735
[2017.03.29-04.04.01:654][284]LogBlueprintUserMessages: Late PlayInEditor Detection: Level '/Game/Level/ThirdPersonExampleMap.ThirdPersonExampleMap:PersistentLevel' has LevelScriptBlueprint '/Game/Level/ThirdPersonExampleMap.ThirdPersonExampleMap:PersistentLevel.ThirdPersonExampleMap' with GeneratedClass '/Game/Level/ThirdPersonExampleMap.ThirdPersonExampleMap_C' with ClassGeneratedBy '/Game/Level/ThirdPersonExampleMap.ThirdPersonExampleMap:PersistentLevel.ThirdPersonExampleMap'
[2017.03.29-04.04.01:674][284]LogHMD: Destroying ovr session
[2017.03.29-04.04.01:674][284]LogHMD: Freeing textureSet 0x0000019DB6B4E170
[2017.03.29-04.04.01:681][284]OCULUS: Info: [HMDState] Requested to SetForegroundWindow(40642ll)
[2017.03.29-04.04.04:261][178]LogBlueprintUserMessages: Early EndPlayMap Detection: Level '/Game/Level/ThirdPersonExampleMap.ThirdPersonExampleMap:PersistentLevel' has LevelScriptBlueprint '/Game/Level/ThirdPersonExampleMap.ThirdPersonExampleMap:PersistentLevel.ThirdPersonExampleMap' with GeneratedClass '/Game/Level/ThirdPersonExampleMap.ThirdPersonExampleMap_C' with ClassGeneratedBy '/Game/Level/ThirdPersonExampleMap.ThirdPersonExampleMap:PersistentLevel.ThirdPersonExampleMap'
[2017.03.29-04.04.04:320][178]LogBlueprintUserMessages: Late EndPlayMap Detection: Level '/Game/Level/ThirdPersonExampleMap.ThirdPersonExampleMap:PersistentLevel' has LevelScriptBlueprint '/Game/Level/ThirdPersonExampleMap.ThirdPersonExampleMap:PersistentLevel.ThirdPersonExampleMap' with GeneratedClass '/Game/Level/ThirdPersonExampleMap.ThirdPersonExampleMap_C' with ClassGeneratedBy '/Game/Level/ThirdPersonExampleMap.ThirdPersonExampleMap:PersistentLevel.ThirdPersonExampleMap'
