Log file open, 03/29/17 15:17:15
LogInit:Display: Running engine for game: AliceInChest
LogPlatformFile: Not using cached read wrapper
LogInit:Display: RandInit(700289457) SRandInit(700289457).
LogTaskGraph: Started task graph with 5 named threads and 8 total threads with 1 sets of task threads.
LogStats: Stats thread started at 0.074976
LogInit: Using libcurl 7.47.1
LogInit:  - built for x86_64-pc-win32
LogInit:  - supports SSL with OpenSSL/1.0.2g
LogInit:  - supports HTTP deflate (compression) using libz 1.2.8
LogInit:  - other features:
LogInit:      CURL_VERSION_SSL
LogInit:      CURL_VERSION_LIBZ
LogInit:      CURL_VERSION_IPV6
LogInit:      CURL_VERSION_ASYNCHDNS
LogInit:      CURL_VERSION_LARGEFILE
LogInit:      CURL_VERSION_IDN
LogInit:  CurlRequestOptions (configurable via config and command line):
LogInit:  - bVerifyPeer = false  - Libcurl will NOT verify peer certificate
LogInit:  - bUseHttpProxy = false  - Libcurl will NOT use HTTP proxy
LogInit:  - bDontReuseConnections = false  - Libcurl will reuse connections
LogInit:  - CertBundlePath = nullptr  - Libcurl will use whatever was configured at build time.
OCULUS: Info: [CAPI] LibOVR module is located at C:\Program Files\Oculus\Support\oculus-runtime\LibOVRRT64_1.dll
OCULUS: Debug: Connected to the server running version (prod = 1).1.13.0(build = 361842) feature version = 0. Client runs version (prod = 1).1.13.0(build = 361842) feature version = 0
OCULUS: Debug: [HMDState] Using default profile default
OCULUS: Info: IAD changed to 63.9mm
OCULUS: Debug: Creating factory
LogHMD: GearVR: Emulating GearVR using Oculus Rift!
LogInit: Build: ++UE4+Release-4.15-CL-3348071
LogInit: Engine Version: 4.15.1-3348071+++UE4+Release-4.15
LogInit: Compatible Engine Version: 4.15.0-3299760+++UE4+Release-4.15
LogInit: Net CL: 3299760
LogDevObjectVersion: Number of dev versions registered: 14
LogDevObjectVersion:   Dev-Blueprints (B0D832E4-1F89-4F0D-ACCF-7EB736FD4AA2): 8
LogDevObjectVersion:   Dev-Build (E1C64328-A22C-4D53-A36C-8E866417BD8C): 0
LogDevObjectVersion:   Dev-Core (375EC13C-06E4-48FB-B500-84F0262A717E): 2
LogDevObjectVersion:   Dev-Editor (E4B068ED-F494-42E9-A231-DA0B2E46BB41): 14
LogDevObjectVersion:   Dev-Framework (CFFC743F-43B0-4480-9391-14DF171D2073): 22
LogDevObjectVersion:   Dev-Mobile (B02B49B5-BB20-44E9-A304-32B752E40360): 0
LogDevObjectVersion:   Dev-Networking (A4E4105C-59A1-49B5-A7C5-40C4547EDFEE): 0
LogDevObjectVersion:   Dev-Online (39C831C9-5AE6-47DC-9A44-9C173E1C8E7C): 0
LogDevObjectVersion:   Dev-Physics (78F01B33-EBEA-4F98-B9B4-84EACCB95AA2): 0
LogDevObjectVersion:   Dev-Platform (6631380F-2D4D-43E0-8009-CF276956A95A): 0
LogDevObjectVersion:   Dev-Rendering (12F88B9F-8875-4AFC-A67C-D90C383ABD29): 12
LogDevObjectVersion:   Dev-Sequencer (7B5AE74C-D270-4C10-A958-57980B212A5A): 3
LogDevObjectVersion:   Dev-VR (D7296918-1DD6-4BDD-9DE2-64A83CC13884): 0
LogDevObjectVersion:   Dev-LoadTimes (C2A15278-BFE7-4AFE-6C17-90FF531DF755): 1
LogInit: Compiled (64-bit): Mar 15 2017 16:52:47
LogInit: Compiled with Visual C++: 19.00.23026.00
LogInit: Build Configuration: Development
LogInit: Branch Name: ++UE4+Release-4.15
LogInit: Command line: -EpicPortal
LogInit: Base directory: C:/Program Files/Epic Games/UE_4.15/Engine/Binaries/Win64/
LogInit: Installed Engine Build: 1
LogInit: Presizing for max 8388607 objects, including 0 objects not considered by GC, pre-allocating 0 bytes for permanent pool.
LogInit: Object subsystem initialized
[2017.03.29-06.17.15:925][  0]LogInit: Selected Device Profile: [Windows]
[2017.03.29-06.17.15:925][  0]LogInit: Applying CVar settings loaded from the selected device profile: [Windows]
[2017.03.29-06.17.15:935][  0]LogInit: Computer: DESKTOP-HM7CSNG
[2017.03.29-06.17.15:935][  0]LogInit: User: thtjd
[2017.03.29-06.17.15:935][  0]LogInit: CPU Page size=65536, Cores=4
[2017.03.29-06.17.15:935][  0]LogInit: High frequency timer resolution =3.328126 MHz
[2017.03.29-06.17.15:935][  0]LogMemory: Memory total: Physical=31.9GB (32GB approx)
[2017.03.29-06.17.15:935][  0]LogMemory: Platform Memory Stats for Windows
[2017.03.29-06.17.15:935][  0]LogMemory: Process Physical Memory: 268.86 MB used, 268.86 MB peak
[2017.03.29-06.17.15:935][  0]LogMemory: Process Virtual Memory: 265.68 MB used, 265.68 MB peak
[2017.03.29-06.17.15:935][  0]LogMemory: Physical Memory: 7691.24 MB used,  25011.46 MB free, 32702.71 MB total
[2017.03.29-06.17.15:935][  0]LogMemory: Virtual Memory: 684.84 MB used,  25011.46 MB free, 134217728.00 MB total
[2017.03.29-06.17.16:000][  0]LogInit: Overriding culture en with editor configuration.
[2017.03.29-06.17.16:548][  0]LogD3D11RHI: D3D11 adapters:
[2017.03.29-06.17.17:043][  0]LogD3D11RHI:    0. 'NVIDIA GeForce GTX 1070' (Feature Level 11_0)
[2017.03.29-06.17.17:043][  0]LogD3D11RHI:       8119/0/16351 MB DedicatedVideo/DedicatedSystem/SharedSystem, Outputs:2, VendorId:0x10de
[2017.03.29-06.17.17:044][  0]LogD3D11RHI:    1. 'Microsoft Basic Render Driver' (Feature Level 11_0)
[2017.03.29-06.17.17:044][  0]LogD3D11RHI:       0/0/16351 MB DedicatedVideo/DedicatedSystem/SharedSystem, Outputs:0, VendorId:0x1414
[2017.03.29-06.17.17:044][  0]LogD3D11RHI: Chosen D3D11 Adapter: 0
[2017.03.29-06.17.17:047][  0]LogD3D11RHI: Creating new Direct3DDevice
[2017.03.29-06.17.17:047][  0]LogD3D11RHI:     GPU DeviceId: 0x1b81 (for the marketing name, search the web for "GPU Device Id")
[2017.03.29-06.17.17:047][  0]LogWindows: EnumDisplayDevices:
[2017.03.29-06.17.17:047][  0]LogWindows:    0. 'NVIDIA GeForce GTX 1070' (P:0 D:1)
[2017.03.29-06.17.17:047][  0]LogWindows:    1. 'NVIDIA GeForce GTX 1070' (P:1 D:1)
[2017.03.29-06.17.17:047][  0]LogWindows:    2. 'NVIDIA GeForce GTX 1070' (P:0 D:0)
[2017.03.29-06.17.17:048][  0]LogWindows:    3. 'NVIDIA GeForce GTX 1070' (P:0 D:0)
[2017.03.29-06.17.17:048][  0]LogWindows: DebugString: FoundDriverCount:4 
[2017.03.29-06.17.17:048][  0]LogD3D11RHI:     Adapter Name: NVIDIA GeForce GTX 1070
[2017.03.29-06.17.17:048][  0]LogD3D11RHI:   Driver Version: 378.92 (internal:21.21.13.7892, unified:378.92)
[2017.03.29-06.17.17:048][  0]LogD3D11RHI:      Driver Date: 3-16-2017
[2017.03.29-06.17.17:048][  0]LogRHI: Texture pool is 1361 MB (70% of 1945 MB)
[2017.03.29-06.17.17:509][  0]LogD3D11RHI: Async texture creation enabled
[2017.03.29-06.17.17:535][  0]LogD3D11RHI: GPU Timing Frequency: 1000.000000 (Debug: 2 1)
[2017.03.29-06.17.17:625][  0]LogShaderCompilers: Guid format shader working directory is -38 characters bigger than the processId version (../../../../../../Program Files (x86)/Epic Games/MyProjects/AliceBackup/AliceInChest/Intermediate/Shaders/WorkingDirectory/4292/).
[2017.03.29-06.17.17:625][  0]LogShaderCompilers: Cleaned the shader compiler working directory 'C:/Users/thtjd/AppData/Local/Temp/UnrealShaderWorkingDir/A2D847DB4D1F72F25D7D908AB6A145E0/'.
[2017.03.29-06.17.17:625][  0]LogShaderCompilers:Display: Using Local Shader Compiler.
[2017.03.29-06.17.18:485][  0]LogTemp:Display: Loaded TP AllDesktopTargetPlatform
[2017.03.29-06.17.18:531][  0]LogTemp:Display: Loaded TP MacClientTargetPlatform
[2017.03.29-06.17.18:581][  0]LogTemp:Display: Loaded TP MacNoEditorTargetPlatform
[2017.03.29-06.17.18:630][  0]LogTemp:Display: Loaded TP MacServerTargetPlatform
[2017.03.29-06.17.18:675][  0]LogTemp:Display: Loaded TP MacTargetPlatform
[2017.03.29-06.17.18:722][  0]LogTemp:Display: Loaded TP WindowsClientTargetPlatform
[2017.03.29-06.17.18:768][  0]LogTemp:Display: Loaded TP WindowsNoEditorTargetPlatform
[2017.03.29-06.17.18:814][  0]LogTemp:Display: Loaded TP WindowsServerTargetPlatform
[2017.03.29-06.17.18:850][  0]LogTemp:Display: Loaded TP WindowsTargetPlatform
[2017.03.29-06.17.18:896][  0]LogTemp:Display: Loaded TP AndroidTargetPlatform
[2017.03.29-06.17.18:941][  0]LogTemp:Display: Loaded TP Android_ASTCTargetPlatform
[2017.03.29-06.17.18:986][  0]LogTemp:Display: Loaded TP Android_ATCTargetPlatform
[2017.03.29-06.17.19:032][  0]LogTemp:Display: Loaded TP Android_DXTTargetPlatform
[2017.03.29-06.17.19:078][  0]LogTemp:Display: Loaded TP Android_ETC1TargetPlatform
[2017.03.29-06.17.19:125][  0]LogTemp:Display: Loaded TP Android_ETC2TargetPlatform
[2017.03.29-06.17.19:215][  0]LogTemp:Display: Loaded TP Android_MultiTargetPlatform
[2017.03.29-06.17.19:215][  0]LogTemp:Display: Loaded TP Android_PVRTCTargetPlatform
[2017.03.29-06.17.19:248][  0]LogTemp:Display: Loaded TP HTML5TargetPlatform
[2017.03.29-06.17.19:332][  0]LogTemp:Display: Loaded TP IOSTargetPlatform
[2017.03.29-06.17.19:363][  0]LogTemp:Display: Loaded TP TVOSTargetPlatform
[2017.03.29-06.17.19:410][  0]LogTemp:Display: Loaded TP LinuxClientTargetPlatform
[2017.03.29-06.17.19:456][  0]LogTemp:Display: Loaded TP LinuxNoEditorTargetPlatform
[2017.03.29-06.17.19:501][  0]LogTemp:Display: Loaded TP LinuxServerTargetPlatform
[2017.03.29-06.17.19:546][  0]LogTemp:Display: Loaded TP LinuxTargetPlatform
[2017.03.29-06.17.19:546][  0]LogTargetPlatformManager:Display: Building Assets For Windows
[2017.03.29-06.17.19:898][  0]LogDerivedDataCache:Display: Max Cache Size: 512 MB
[2017.03.29-06.17.19:942][  0]LogDerivedDataCache: Loaded boot cache 0.04s 61MB C:/Users/thtjd/AppData/Local/UnrealEngine/4.15/DerivedDataCache/Boot.ddc.
[2017.03.29-06.17.19:942][  0]LogDerivedDataCache:Display: Loaded Boot cache: C:/Users/thtjd/AppData/Local/UnrealEngine/4.15/DerivedDataCache/Boot.ddc
[2017.03.29-06.17.19:942][  0]LogDerivedDataCache: FDerivedDataBackendGraph:  Pak pak cache file ../../../../../../Program Files (x86)/Epic Games/MyProjects/AliceBackup/AliceInChest/DerivedDataCache/DDC.ddp not found, will not use a pak cache.
[2017.03.29-06.17.19:942][  0]LogDerivedDataCache: Unable to find inner node Pak for hierarchical cache Hierarchy.
[2017.03.29-06.17.19:942][  0]LogDerivedDataCache: FDerivedDataBackendGraph:  CompressedPak pak cache file ../../../../../../Program Files (x86)/Epic Games/MyProjects/AliceBackup/AliceInChest/DerivedDataCache/Compressed.ddp not found, will not use a pak cache.
[2017.03.29-06.17.19:942][  0]LogDerivedDataCache: Unable to find inner node CompressedPak for hierarchical cache Hierarchy.
[2017.03.29-06.17.19:958][  0]LogDerivedDataCache:Display: Pak cache opened for reading ../../../Engine/DerivedDataCache/Compressed.ddp.
[2017.03.29-06.17.19:970][  0]LogDerivedDataCache: Using Local data cache path C:/Users/thtjd/AppData/Local/UnrealEngine/Common/DerivedDataCache: Writable
[2017.03.29-06.17.19:978][  0]LogSlate: Using Freetype 2.6.0
[2017.03.29-06.17.19:979][  0]LogSlate: SlateFontCache - WITH_FREETYPE: 1, WITH_HARFBUZZ: 1
[2017.03.29-06.17.19:979][  0]LogSlate: SlateFontCache - WITH_FREETYPE: 1, WITH_HARFBUZZ: 1
[2017.03.29-06.17.20:191][  0]LogInit: Selected Device Profile: [Windows]
[2017.03.29-06.17.20:193][  0]LogContentStreaming: Texture pool size is 0.00 MB
[2017.03.29-06.17.20:362][  0]LogMeshUtilities: Using QuadricMeshReduction for automatic static mesh reduction
[2017.03.29-06.17.20:397][  0]LogSimplygon: Simplygon DLL not present - disabling.
[2017.03.29-06.17.20:434][  0]LogMeshUtilities: Using SimplygonSwarm for distributed automatic mesh merging
[2017.03.29-06.17.20:435][  0]LogMeshUtilities: No automatic skeletal mesh reduction module available
[2017.03.29-06.17.20:435][  0]LogMeshUtilities: No automatic mesh merging module available
[2017.03.29-06.17.20:879][  0]LogNetVersion: GetLocalNetworkVersion: CL: 3299760, ProjectName: aliceinchest, ProjectVersion: , EngineNetworkVersion: 2, GameNetworkVersion: 0, NetworkChecksum: 53998165
[2017.03.29-06.17.20:920][  0]LogAssetRegistry: FAssetRegistry took 0.0214 seconds to start up
[2017.03.29-06.17.20:951][  0]LogPackageLocalizationCache: Processed 3 localized package path(s) for 1 prioritized culture(s) in 0.012704 seconds
[2017.03.29-06.17.20:956][  0]LogUObjectArray: 32493 objects as part of root set at end of initial load.
[2017.03.29-06.17.20:956][  0]LogUObjectAllocator: 7077032 out of 0 bytes used by permanent object pool.
[2017.03.29-06.17.20:956][  0]LogUObjectArray: CloseDisregardForGC: 0/0 objects in disregard for GC pool
[2017.03.29-06.17.21:007][  0]LogInit: WinSock: version 1.1 (2.2), MaxSocks=32767, MaxUdp=65467
[2017.03.29-06.17.22:266][  0]LogTcpMessaging: Initializing TcpMessaging bridge
[2017.03.29-06.17.22:298][  0]LogUdpMessaging: Initializing bridge on interface 0.0.0.0:0 to multicast group 230.0.0.1:6666.
[2017.03.29-06.17.22:664][  0]LogMaterial: Uniform references updated for custom material expression Custom.
[2017.03.29-06.17.22:962][  0]SourceControl: Info Source control is disabled
[2017.03.29-06.17.22:963][  0]SourceControl: Info Source control is disabled
[2017.03.29-06.17.22:999][  0]SourceControl: Info Source control is disabled
[2017.03.29-06.17.23:035][  0]SourceControl: Info Source control is disabled
[2017.03.29-06.17.24:007][  0]LogEngine: Initializing Engine...
[2017.03.29-06.17.24:007][  0]LogHMD: Oculus plugin initialized. Version: 4.15.1-3348071+++UE4+Release-4.15, LibOVR: 1.13.0, SDK: 1.10.0, built Mar 15 2017, 16:59:09
[2017.03.29-06.17.24:102][  0]OCULUS: Debug: [HMDState] Using default profile default
[2017.03.29-06.17.24:102][  0]OCULUS: Info: IAD changed to 63.9mm
[2017.03.29-06.17.24:199][  0]LogAIModule: Creating AISystem for world Untitled
[2017.03.29-06.17.24:213][  0]LogInit: XAudio2 using '스피커(Realtek High Definition Audio)' : 2 channels at 48 kHz using 32 bits per sample (channel mask 0x3)
[2017.03.29-06.17.24:223][  0]LogInit: FAudioDevice initialized.
[2017.03.29-06.17.24:244][  0]LogDerivedDataCache: Saved boot cache 0.02s 50MB C:/Users/thtjd/AppData/Local/UnrealEngine/4.15/DerivedDataCache/Boot.ddc.
[2017.03.29-06.17.24:251][  0]LogInit: Texture streaming: Enabled
[2017.03.29-06.17.24:327][  0]LogEngineSessionManager: EngineSessionManager initialized
[2017.03.29-06.17.24:327][  0]LogEngineSessionManager: EngineSessionManager sent abnormal shutdown report. Type=Crashed, SessionId={4E9322E2-4264-931C-965D-859E0419A796}
[2017.03.29-06.17.24:399][  0]LogInit: Transaction tracking system initialized
[2017.03.29-06.17.24:675][  0]BlueprintLog: New page: Editor Load
[2017.03.29-06.17.25:368][  0]LocalizationService: Info Localization service is disabled
[2017.03.29-06.17.25:903][  0]LogConsoleResponse:Display: 
[2017.03.29-06.17.26:012][  0]LogCook:Display: Max memory allowance for cook 16384mb min free memory 0mb
[2017.03.29-06.17.26:012][  0]LogCook:Display: Mobile HDR setting 0
[2017.03.29-06.17.26:055][  0]LogFileCache: Scanning file cache for directory 'C:/Program Files (x86)/Epic Games/MyProjects/AliceBackup/AliceInChest/Content/' took 0.01s
[2017.03.29-06.17.26:821][  0]SourceControl: Info Source control is disabled
[2017.03.29-06.17.26:821][  0]Cmd: MAP LOAD FILE="../../../../../../Program Files (x86)/Epic Games/MyProjects/AliceBackup/AliceInChest/Content/ThirdPersonBP/Maps/ThirdPersonExampleMap.umap" TEMPLATE=0 SHOWPROGRESS=1 FEATURELEVEL=3
[2017.03.29-06.17.26:821][  0]LogEditorServer:Warning: Can't find file '../../../../../../Program Files (x86)/Epic Games/MyProjects/AliceBackup/AliceInChest/Content/ThirdPersonBP/Maps/ThirdPersonExampleMap.umap'
[2017.03.29-06.17.26:821][  0]Cmd: MAP CHECKDEP NOCLEARLOG
[2017.03.29-06.17.26:852][  0]MapCheck: Info Map check complete: 0 Error(s), 0 Warning(s), took 30.484ms to complete.
[2017.03.29-06.17.26:852][  0]LogFileHelpers: Loading map 'ThirdPersonExampleMap' took 0.031
[2017.03.29-06.17.26:937][  0]LogWindowsTextInputMethodSystem:Display: IME system now activated using TSF (Microsoft 입력기).
[2017.03.29-06.17.27:046][  0]LogCollectionManager: Loaded 1 collections in 0.001272 seconds
[2017.03.29-06.17.27:126][  0]LogFileCache: Scanning file cache for directory 'C:/Program Files (x86)/Epic Games/MyProjects/AliceBackup/AliceInChest/Saved/Collections/' took 0.01s
[2017.03.29-06.17.27:126][  0]LogFileCache: Scanning file cache for directory 'C:/Program Files (x86)/Epic Games/MyProjects/AliceBackup/AliceInChest/Content/Developers/thtjd/Collections/' took 0.01s
[2017.03.29-06.17.27:126][  0]LogFileCache: Scanning file cache for directory 'C:/Program Files (x86)/Epic Games/MyProjects/AliceBackup/AliceInChest/Content/Collections/' took 0.01s
[2017.03.29-06.17.27:126][  0]LogCollectionManager: Rebuilt the GUID cache for 1 collections in 0.000003 seconds
[2017.03.29-06.17.27:126][  0]LogCollectionManager: Rebuilt the hierarchy cache for 1 collections in 0.000000 seconds
[2017.03.29-06.17.27:133][  0]LogContentBrowser: Native class hierarchy populated in 0.0070 seconds. Added 2245 classes and 453 folders.
[2017.03.29-06.17.27:136][  0]LogStats: UGameplayTagsManager::ConstructGameplayTagTree: Construct from data asset -  0.000 s
[2017.03.29-06.17.27:136][  0]LogStats: UGameplayTagsManager::ConstructGameplayTagTree: GameplayTagTreeChangedEvent.Broadcast -  0.000 s
[2017.03.29-06.17.27:189][  0]LogContentBrowser: Native class hierarchy updated for 'WidgetCarousel' in 0.0004 seconds. Added 0 classes and 0 folders.
[2017.03.29-06.17.27:217][  0]LogContentBrowser: Native class hierarchy updated for 'AddContentDialog' in 0.0004 seconds. Added 0 classes and 0 folders.
[2017.03.29-06.17.27:269][  0]LogContentBrowser: Native class hierarchy updated for 'SceneOutliner' in 0.0004 seconds. Added 1 classes and 2 folders.
[2017.03.29-06.17.27:356][  0]LogCrashTracker: Crashtracker disabled due to settings.
[2017.03.29-06.17.27:364][  0]LogUObjectGlobals:Warning: Failed to find object 'Class None.'
[2017.03.29-06.17.27:421][  0]LogContentBrowser: Native class hierarchy updated for 'HierarchicalLODOutliner' in 0.0005 seconds. Added 1 classes and 2 folders.
[2017.03.29-06.17.27:422][  0]LogLoad: (Engine Initialization) Total time: 13.01 seconds
[2017.03.29-06.17.27:422][  0]LogLoad: (Engine Initialization) Total Blueprint compile time: 0.03 seconds
[2017.03.29-06.17.27:422][  0]LogExternalProfiler: Found external profiler: VSPerf
[2017.03.29-06.17.27:422][  0]LogExternalProfiler: Using external profiler: VSPerf
[2017.03.29-06.17.27:433][  0]LogOcInput: OculusInput pre-init called
[2017.03.29-06.17.27:444][  0]LogOcInput: OculusInput is initialized. Init status 0. Runtime version: 1.13.0
[2017.03.29-06.17.27:464][  0]LogContentStreaming: Texture pool size now 1000 MB
[2017.03.29-06.17.27:464][  0]LogSlate: Took 0.000172 seconds to synchronously load lazily loaded font '../../../Engine/Content/Slate/Fonts/Roboto-Regular.ttf' (155K)
[2017.03.29-06.17.27:468][  0]LogSlate: Took 0.000195 seconds to synchronously load lazily loaded font '../../../Engine/Content/Slate/Fonts/Roboto-Bold.ttf' (160K)
[2017.03.29-06.17.27:472][  0]LogSlate: Took 0.000172 seconds to synchronously load lazily loaded font '../../../Engine/Content/Editor/Slate/Fonts/FontAwesome.ttf' (139K)
[2017.03.29-06.17.27:571][  0]LogSlate: Took 0.000220 seconds to synchronously load lazily loaded font '../../../Engine/Content/Slate/Fonts/Roboto-Light.ttf' (159K)
[2017.03.29-06.17.27:605][  0]LogRenderer: Reallocating scene render targets to support 1160x576 NumSamples 1 (Frame:2).
[2017.03.29-06.17.27:652][  1]LogAssetRegistry: Asset discovery search completed in 6.7527 seconds
[2017.03.29-06.17.27:652][  1]LogCollectionManager: Rebuilt the object cache for 1 collections in 0.000005 seconds (found 0 objects)
[2017.03.29-06.17.27:652][  1]LogCollectionManager: Fixed up redirectors for 1 collections in 0.000018 seconds (updated 0 objects)
[2017.03.29-06.17.28:463][ 92]LogSlate: Took 0.000139 seconds to synchronously load lazily loaded font '../../../Engine/Content/Slate/Fonts/Roboto-Light.ttf' (159K)
[2017.03.29-06.17.30:955][261]LogSlate: Took 0.000103 seconds to synchronously load lazily loaded font '../../../Engine/Content/Slate/Fonts/Roboto-Light.ttf' (159K)
[2017.03.29-06.17.31:064][261]LogContentBrowser: Native class hierarchy updated for 'SkeletonEditor' in 0.0004 seconds. Added 1 classes and 2 folders.
[2017.03.29-06.17.31:177][261]LogActorComponent: RegisterComponentWithWorld: (/Engine/Transient.World_1:PersistentLevel.Actor_0.DebugSkelMeshComponent_0) Already registered. Aborting.
[2017.03.29-06.17.31:561][261]LogContentBrowser: Native class hierarchy updated for 'BlueprintGraph' in 0.0008 seconds. Added 112 classes and 0 folders.
[2017.03.29-06.17.33:291][261]LogSlate: Took 0.000232 seconds to synchronously load lazily loaded font '../../../Engine/Content/Editor/Slate/Fonts/Roboto-BoldCondensed.ttf' (158K)
[2017.03.29-06.17.33:373][262]LogSlate: Took 0.000157 seconds to synchronously load lazily loaded font '../../../Engine/Content/Editor/Slate/Fonts/Roboto-Italic.ttf' (157K)
[2017.03.29-06.17.35:801][491]LogSlate: Took 0.000125 seconds to synchronously load lazily loaded font '../../../Engine/Content/Editor/Slate/Fonts/DroidSansMono.ttf' (77K)
[2017.03.29-06.17.35:812][491]LogSlate: Took 0.002015 seconds to synchronously load lazily loaded font '../../../Engine/Content/Slate/Fonts/DroidSansFallback.ttf' (3848K)
[2017.03.29-06.17.40:055][877]LogAIModule: Creating AISystem for world ThirdPersonExampleMap
[2017.03.29-06.17.40:105][877]Cmd: MAP LOAD FILE="../../../../../../Program Files (x86)/Epic Games/MyProjects/AliceBackup/AliceInChest/Content/Level/ThirdPersonExampleMap.umap" TEMPLATE=0 SHOWPROGRESS=1 FEATURELEVEL=3
[2017.03.29-06.17.40:105][877]LightingResults: New page: Lighting Build
[2017.03.29-06.17.40:137][877]LogContentBrowser: Native class hierarchy updated for 'StatsViewer' in 0.0004 seconds. Added 5 classes and 0 folders.
[2017.03.29-06.17.40:139][877]LoadErrors: New page: Loading map: ThirdPersonExampleMap.umap
[2017.03.29-06.17.40:140][877]MapCheck: New page: Map Check
[2017.03.29-06.17.40:140][877]LightingResults: New page: Lighting Build
[2017.03.29-06.17.40:240][877]LogEditorServer: Finished looking for orphan Actors (0.000 secs)
[2017.03.29-06.17.40:273][877]Cmd: MAP CHECKDEP NOCLEARLOG
[2017.03.29-06.17.40:316][877]MapCheck: Info Map check complete: 0 Error(s), 0 Warning(s), took 43.52ms to complete.
[2017.03.29-06.17.40:316][877]LogFileHelpers: Loading map 'ThirdPersonExampleMap' took 0.212
[2017.03.29-06.17.56:027][400]LogContentBrowser: Native class hierarchy updated for 'PhAT' in 0.0005 seconds. Added 1 classes and 2 folders.
[2017.03.29-06.17.56:185][401]LogRenderer: Reallocating scene render targets to support 1160x924 NumSamples 1 (Frame:2843).
[2017.03.29-06.17.56:980][468]LogActorComponent: RegisterComponentWithWorld: (/Engine/Transient.World_13:PersistentLevel.Actor_1.DebugSkelMeshComponent_2) Already registered. Aborting.
[2017.03.29-06.17.57:199][468]LogSkeletalMesh: USkeletalMeshComponent::InitArticulated : Bodies already created (/Engine/Transient.World_13:PersistentLevel.Actor_1.DebugSkelMeshComponent_2) - call TermArticulated first.
[2017.03.29-06.18.27:523][ 74]LogSavePackage: Save=4.53ms
[2017.03.29-06.18.27:523][ 74]LogSavePackage: Moving '../../../../../../Program Files (x86)/Epic Games/MyProjects/AliceBackup/AliceInChest/Saved/SPIDER_Skeleton540B1F6946232A0B366F5CB5911097E7.tmp' to '../../../../../../Program Files (x86)/Epic Games/MyProjects/AliceBackup/AliceInChest/Content/Character/SPIDER_Skeleton.uasset'
[2017.03.29-06.18.27:526][ 74]LogSavePackage:Display: Finished SavePackage ../../../../../../Program Files (x86)/Epic Games/MyProjects/AliceBackup/AliceInChest/Content/Character/SPIDER_Skeleton.uasset
[2017.03.29-06.19.11:802][252]LogTemp: Repeting last play command: Simulate
[2017.03.29-06.19.11:840][252]LogBlueprintUserMessages: Early PlayInEditor Detection: Level '/Game/Level/ThirdPersonExampleMap.ThirdPersonExampleMap:PersistentLevel' has LevelScriptBlueprint '/Game/Level/ThirdPersonExampleMap.ThirdPersonExampleMap:PersistentLevel.ThirdPersonExampleMap' with GeneratedClass '/Game/Level/ThirdPersonExampleMap.ThirdPersonExampleMap_C' with ClassGeneratedBy '/Game/Level/ThirdPersonExampleMap.ThirdPersonExampleMap:PersistentLevel.ThirdPersonExampleMap'
[2017.03.29-06.19.11:841][252]LogPlayLevel: PlayLevel: No blueprints needed recompiling
[2017.03.29-06.19.11:842][252]OCULUS: Debug: [HMDState] Using default profile default
[2017.03.29-06.19.11:842][252]OCULUS: Info: IAD changed to 63.9mm
[2017.03.29-06.19.11:842][252]LogHMD: New ovr session is created
[2017.03.29-06.19.11:842][252]LogHMD: HMD Oculus Rift CV1, res = 2160 x 1200
[2017.03.29-06.19.11:842][252]PIE: New page: SIE session: ThirdPersonExampleMap (Mar 30, 2017, 12:19:11 AM)
[2017.03.29-06.19.11:842][252]LogPlayLevel: Creating play world package: /Game/Level/UEDPIE_0_ThirdPersonExampleMap
[2017.03.29-06.19.11:866][252]LogPlayLevel: PIE: StaticDuplicateObject took: (0.023814s)
[2017.03.29-06.19.11:867][252]LogAIModule: Creating AISystem for world ThirdPersonExampleMap
[2017.03.29-06.19.11:867][252]LogPlayLevel: PIE: World Init took: (0.000827s)
[2017.03.29-06.19.11:868][252]LogPlayLevel: PIE: Created PIE world by copying editor world from /Game/Level/ThirdPersonExampleMap.ThirdPersonExampleMap to /Game/Level/UEDPIE_0_ThirdPersonExampleMap.ThirdPersonExampleMap (0.025131s)
[2017.03.29-06.19.11:894][252]LogInit: XAudio2 using '스피커(Realtek High Definition Audio)' : 2 channels at 48 kHz using 32 bits per sample (channel mask 0x3)
[2017.03.29-06.19.11:902][252]LogInit: FAudioDevice initialized.
[2017.03.29-06.19.11:948][252]LogLoad: Game class is 'CustomGameMode_C'
[2017.03.29-06.19.11:951][252]LogWorld: Bringing World /Game/Level/UEDPIE_0_ThirdPersonExampleMap.ThirdPersonExampleMap up for play (max tick rate 0) at 2017.03.29-15.19.11
[2017.03.29-06.19.11:951][252]LogWorld: Bringing up level for play took: 0.002489
[2017.03.29-06.19.11:952][252]LogGameMode: FindPlayerStart: PATHS NOT DEFINED or NO PLAYERSTART with positive rating
[2017.03.29-06.19.11:984][252]LogContentBrowser: Native class hierarchy updated for 'MovieSceneCapture' in 0.0004 seconds. Added 11 classes and 0 folders.
[2017.03.29-06.19.11:987][252]PIE: Info Play in editor start time for /Game/Level/UEDPIE_0_ThirdPersonExampleMap 0.998
[2017.03.29-06.19.11:992][252]LogBlueprintUserMessages: Late PlayInEditor Detection: Level '/Game/Level/ThirdPersonExampleMap.ThirdPersonExampleMap:PersistentLevel' has LevelScriptBlueprint '/Game/Level/ThirdPersonExampleMap.ThirdPersonExampleMap:PersistentLevel.ThirdPersonExampleMap' with GeneratedClass '/Game/Level/ThirdPersonExampleMap.ThirdPersonExampleMap_C' with ClassGeneratedBy '/Game/Level/ThirdPersonExampleMap.ThirdPersonExampleMap:PersistentLevel.ThirdPersonExampleMap'
[2017.03.29-06.19.27:110][517]LogBlueprintUserMessages: Early EndPlayMap Detection: Level '/Game/Level/ThirdPersonExampleMap.ThirdPersonExampleMap:PersistentLevel' has LevelScriptBlueprint '/Game/Level/ThirdPersonExampleMap.ThirdPersonExampleMap:PersistentLevel.ThirdPersonExampleMap' with GeneratedClass '/Game/Level/ThirdPersonExampleMap.ThirdPersonExampleMap_C' with ClassGeneratedBy '/Game/Level/ThirdPersonExampleMap.ThirdPersonExampleMap:PersistentLevel.ThirdPersonExampleMap'
[2017.03.29-06.19.27:110][517]LogHMD: Destroying ovr session
[2017.03.29-06.19.27:165][517]LogBlueprintUserMessages: Late EndPlayMap Detection: Level '/Game/Level/ThirdPersonExampleMap.ThirdPersonExampleMap:PersistentLevel' has LevelScriptBlueprint '/Game/Level/ThirdPersonExampleMap.ThirdPersonExampleMap:PersistentLevel.ThirdPersonExampleMap' with GeneratedClass '/Game/Level/ThirdPersonExampleMap.ThirdPersonExampleMap_C' with ClassGeneratedBy '/Game/Level/ThirdPersonExampleMap.ThirdPersonExampleMap:PersistentLevel.ThirdPersonExampleMap'
[2017.03.29-06.19.45:141][542]LogSavePackage: Save=35.84ms
[2017.03.29-06.19.45:141][542]LogSavePackage: Moving '../../../../../../Program Files (x86)/Epic Games/MyProjects/AliceBackup/AliceInChest/Saved/ThirdPerson_AnimBP67ADEDA14A91BBB9E5F88BAC519DEF38.tmp' to '../../../../../../Program Files (x86)/Epic Games/MyProjects/AliceBackup/AliceInChest/Content/Mannequin/Animations/ThirdPerson_AnimBP.uasset'
[2017.03.29-06.19.45:143][542]LogSavePackage:Display: Finished SavePackage ../../../../../../Program Files (x86)/Epic Games/MyProjects/AliceBackup/AliceInChest/Content/Mannequin/Animations/ThirdPerson_AnimBP.uasset
[2017.03.29-06.19.45:996][640]BlueprintLog: New page: Compile ThirdPerson_AnimBP
[2017.03.29-06.20.06:375][946]LogSlate: Took 0.000222 seconds to synchronously load lazily loaded font '../../../Engine/Content/Editor/Slate/Fonts/Roboto-BoldCondensedItalic.ttf' (160K)
[2017.03.29-06.20.07:806][ 99]Cmd: OBJ SAVEPACKAGE PACKAGE="/Game/Character/Spider_AnimBP" FILE="../../../../../../Program Files (x86)/Epic Games/MyProjects/AliceBackup/AliceInChest/Content/Character/Spider_AnimBP.uasset" SILENT=true
[2017.03.29-06.20.07:830][ 99]LogSavePackage: Save=14.15ms
[2017.03.29-06.20.07:830][ 99]LogSavePackage: Moving '../../../../../../Program Files (x86)/Epic Games/MyProjects/AliceBackup/AliceInChest/Saved/Spider_AnimBP3A60949C40ECA3B26DD63D9E60C7C0BC.tmp' to '../../../../../../Program Files (x86)/Epic Games/MyProjects/AliceBackup/AliceInChest/Content/Character/Spider_AnimBP.uasset'
[2017.03.29-06.20.07:832][ 99]LogSavePackage:Display: Finished SavePackage ../../../../../../Program Files (x86)/Epic Games/MyProjects/AliceBackup/AliceInChest/Content/Character/Spider_AnimBP.uasset
[2017.03.29-06.20.22:678][732]LogBlueprint:Warning: [Spider_AnimBP] 'IsInAir?' variable not found. Base class was probably changed.
[2017.03.29-06.20.22:678][732]LogBlueprint:Warning: [Spider_AnimBP] 'IsInAir?' variable not found. Base class was probably changed.
[2017.03.29-06.21.01:076][559]Cmd: OBJ SAVEPACKAGE PACKAGE="/Game/Character/Spider_AnimBP" FILE="../../../../../../Program Files (x86)/Epic Games/MyProjects/AliceBackup/AliceInChest/Content/Character/Spider_AnimBP.uasset" SILENT=true
[2017.03.29-06.21.01:100][559]LogSavePackage: Save=18.31ms
[2017.03.29-06.21.01:100][559]LogSavePackage: Moving '../../../../../../Program Files (x86)/Epic Games/MyProjects/AliceBackup/AliceInChest/Saved/Spider_AnimBP2C4C49E7431A65E87559CA95DD5A2192.tmp' to '../../../../../../Program Files (x86)/Epic Games/MyProjects/AliceBackup/AliceInChest/Content/Character/Spider_AnimBP.uasset'
[2017.03.29-06.21.01:102][559]LogSavePackage:Display: Finished SavePackage ../../../../../../Program Files (x86)/Epic Games/MyProjects/AliceBackup/AliceInChest/Content/Character/Spider_AnimBP.uasset
[2017.03.29-06.21.02:311][672]BlueprintLog: New page: Compile Spider_AnimBP
[2017.03.29-06.21.02:405][672]BlueprintEditorCompileResults: Info  Result  was visible but ignored
[2017.03.29-06.21.03:140][736]Cmd: OBJ SAVEPACKAGE PACKAGE="/Game/Character/Spider_AnimBP" FILE="../../../../../../Program Files (x86)/Epic Games/MyProjects/AliceBackup/AliceInChest/Content/Character/Spider_AnimBP.uasset" SILENT=true
[2017.03.29-06.21.03:165][736]LogSavePackage: Save=19.75ms
[2017.03.29-06.21.03:165][736]LogSavePackage: Moving '../../../../../../Program Files (x86)/Epic Games/MyProjects/AliceBackup/AliceInChest/Saved/Spider_AnimBP3139AFF44424DBEBB61B19A19D1A7E56.tmp' to '../../../../../../Program Files (x86)/Epic Games/MyProjects/AliceBackup/AliceInChest/Content/Character/Spider_AnimBP.uasset'
[2017.03.29-06.21.03:167][736]LogSavePackage:Display: Finished SavePackage ../../../../../../Program Files (x86)/Epic Games/MyProjects/AliceBackup/AliceInChest/Content/Character/Spider_AnimBP.uasset
[2017.03.29-06.21.04:140][823]Cmd: OBJ SAVEPACKAGE PACKAGE="/Game/Character/Spider_AnimBP" FILE="../../../../../../Program Files (x86)/Epic Games/MyProjects/AliceBackup/AliceInChest/Content/Character/Spider_AnimBP.uasset" SILENT=true
[2017.03.29-06.21.04:158][823]LogSavePackage: Save=13.10ms
[2017.03.29-06.21.04:159][823]LogSavePackage: Moving '../../../../../../Program Files (x86)/Epic Games/MyProjects/AliceBackup/AliceInChest/Saved/Spider_AnimBP381D8FF64A37601AE913749BB3B5869F.tmp' to '../../../../../../Program Files (x86)/Epic Games/MyProjects/AliceBackup/AliceInChest/Content/Character/Spider_AnimBP.uasset'
[2017.03.29-06.21.04:160][823]LogSavePackage:Display: Finished SavePackage ../../../../../../Program Files (x86)/Epic Games/MyProjects/AliceBackup/AliceInChest/Content/Character/Spider_AnimBP.uasset
[2017.03.29-06.21.11:460][571]Cmd: OBJ SAVEPACKAGE PACKAGE="/Game/Character/Spider_AnimBP" FILE="../../../../../../Program Files (x86)/Epic Games/MyProjects/AliceBackup/AliceInChest/Content/Character/Spider_AnimBP.uasset" SILENT=true
[2017.03.29-06.21.11:478][571]LogSavePackage: Save=12.81ms
[2017.03.29-06.21.11:478][571]LogSavePackage: Moving '../../../../../../Program Files (x86)/Epic Games/MyProjects/AliceBackup/AliceInChest/Saved/Spider_AnimBP22353E1442CDDB61253E549B191C822A.tmp' to '../../../../../../Program Files (x86)/Epic Games/MyProjects/AliceBackup/AliceInChest/Content/Character/Spider_AnimBP.uasset'
[2017.03.29-06.21.11:480][571]LogSavePackage:Display: Finished SavePackage ../../../../../../Program Files (x86)/Epic Games/MyProjects/AliceBackup/AliceInChest/Content/Character/Spider_AnimBP.uasset
[2017.03.29-06.21.15:784][ 67]Cmd: OBJ SAVEPACKAGE PACKAGE="/Game/Character/Spider_AnimBP" FILE="../../../../../../Program Files (x86)/Epic Games/MyProjects/AliceBackup/AliceInChest/Content/Character/Spider_AnimBP.uasset" SILENT=true
[2017.03.29-06.21.15:803][ 67]LogSavePackage: Save=13.06ms
[2017.03.29-06.21.15:803][ 67]LogSavePackage: Moving '../../../../../../Program Files (x86)/Epic Games/MyProjects/AliceBackup/AliceInChest/Saved/Spider_AnimBP16494E0E40A1E928432DCEA07FA548B8.tmp' to '../../../../../../Program Files (x86)/Epic Games/MyProjects/AliceBackup/AliceInChest/Content/Character/Spider_AnimBP.uasset'
[2017.03.29-06.21.15:805][ 67]LogSavePackage:Display: Finished SavePackage ../../../../../../Program Files (x86)/Epic Games/MyProjects/AliceBackup/AliceInChest/Content/Character/Spider_AnimBP.uasset
[2017.03.29-06.21.20:617][620]Cmd: OBJ SAVEPACKAGE PACKAGE="/Game/Character/Spider_AnimBP" FILE="../../../../../../Program Files (x86)/Epic Games/MyProjects/AliceBackup/AliceInChest/Content/Character/Spider_AnimBP.uasset" SILENT=true
[2017.03.29-06.21.20:642][620]LogSavePackage: Save=19.55ms
[2017.03.29-06.21.20:642][620]LogSavePackage: Moving '../../../../../../Program Files (x86)/Epic Games/MyProjects/AliceBackup/AliceInChest/Saved/Spider_AnimBPEB70B4B444A909AE719D7FA58FB770DC.tmp' to '../../../../../../Program Files (x86)/Epic Games/MyProjects/AliceBackup/AliceInChest/Content/Character/Spider_AnimBP.uasset'
[2017.03.29-06.21.20:644][620]LogSavePackage:Display: Finished SavePackage ../../../../../../Program Files (x86)/Epic Games/MyProjects/AliceBackup/AliceInChest/Content/Character/Spider_AnimBP.uasset
[2017.03.29-06.21.21:293][694]BlueprintLog: New page: Compile Spider_AnimBP
[2017.03.29-06.21.21:339][694]LogStats: FPlatformStackWalk::StackWalkAndDump -  0.043 s
[2017.03.29-06.21.21:340][694]LogOutputDevice:Error: === Handled ensure: ===
[2017.03.29-06.21.21:340][694]LogOutputDevice:Error: 
[2017.03.29-06.21.21:340][694]LogOutputDevice:Error: Ensure condition failed: Node->IsA(UEdGraphNode_Comment::StaticClass())||Node->IsA(UEdGraphNode_Documentation::StaticClass()) [File:D:\Build\++UE4+Release-4.15+Compile\Sync\Engine\Source\Editor\KismetCompiler\Private\KismetCompiler.cpp] [Line: 499]
[2017.03.29-06.21.21:340][694]LogOutputDevice:Error: 
[2017.03.29-06.21.21:340][694]LogOutputDevice:Error: Stack: 
[2017.03.29-06.21.21:340][694]LogOutputDevice:Error: UE4Editor-Core.dll!0x00000000268F95E6
[2017.03.29-06.21.21:340][694]LogOutputDevice:Error: UE4Editor-Core.dll!0x00000000266A9B82
[2017.03.29-06.21.21:340][694]LogOutputDevice:Error: UE4Editor-Core.dll!0x00000000266BB666
[2017.03.29-06.21.21:340][694]LogOutputDevice:Error: UE4Editor-KismetCompiler.dll!0x000000001B9EAAF1
[2017.03.29-06.21.21:340][694]LogOutputDevice:Error: UE4Editor-KismetCompiler.dll!0x000000001B9FA765
[2017.03.29-06.21.21:340][694]LogOutputDevice:Error: UE4Editor-KismetCompiler.dll!0x000000001B9DE57F
[2017.03.29-06.21.21:340][694]LogOutputDevice:Error: UE4Editor-KismetCompiler.dll!0x000000001B9C50BD
[2017.03.29-06.21.21:340][694]LogOutputDevice:Error: UE4Editor-KismetCompiler.dll!0x000000001B9C9722
[2017.03.29-06.21.21:340][694]LogOutputDevice:Error: UE4Editor-KismetCompiler.dll!0x000000001B9B7CFE
[2017.03.29-06.21.21:340][694]LogOutputDevice:Error: UE4Editor-KismetCompiler.dll!0x000000001B9BC23B
[2017.03.29-06.21.21:341][694]LogOutputDevice:Error: UE4Editor-KismetCompiler.dll!0x000000001B9BB56B
[2017.03.29-06.21.21:341][694]LogOutputDevice:Error: UE4Editor-UnrealEd.dll!0x0000000021216A09
[2017.03.29-06.21.21:341][694]LogOutputDevice:Error: UE4Editor-Kismet.dll!0x000000001F7644FD
[2017.03.29-06.21.21:341][694]LogOutputDevice:Error: UE4Editor-AnimationBlueprintEditor.dll!0x000000004A8EEAC0
[2017.03.29-06.21.21:341][694]LogOutputDevice:Error: UE4Editor-Kismet.dll!0x000000001F7B1941
[2017.03.29-06.21.21:341][694]LogOutputDevice:Error: UE4Editor-Kismet.dll!0x000000001F7B63E6
[2017.03.29-06.21.21:341][694]LogOutputDevice:Error: UE4Editor-Slate.dll!0x000000002273819F
[2017.03.29-06.21.21:341][694]LogOutputDevice:Error: UE4Editor-Slate.dll!0x000000002282B530
[2017.03.29-06.21.21:341][694]LogOutputDevice:Error: UE4Editor-Slate.dll!0x000000002279C7A2
[2017.03.29-06.21.21:341][694]LogOutputDevice:Error: UE4Editor-Slate.dll!0x000000002279DBA9
[2017.03.29-06.21.21:341][694]LogOutputDevice:Error: UE4Editor-Slate.dll!0x000000002280B689
[2017.03.29-06.21.21:341][694]LogOutputDevice:Error: UE4Editor-Slate.dll!0x00000000228BCF25
[2017.03.29-06.21.21:341][694]LogOutputDevice:Error: UE4Editor-Slate.dll!0x00000000228EA4AE
[2017.03.29-06.21.21:341][694]LogOutputDevice:Error: UE4Editor-Slate.dll!0x000000002271411C
[2017.03.29-06.21.21:341][694]LogOutputDevice:Error: UE4Editor-Slate.dll!0x00000000226E47F5
[2017.03.29-06.21.21:341][694]LogOutputDevice:Error: UE4Editor-Slate.dll!0x0000000022787193
[2017.03.29-06.21.21:341][694]LogOutputDevice:Error: UE4Editor-Slate.dll!0x0000000022771100
[2017.03.29-06.21.21:341][694]LogOutputDevice:Error: UE4Editor-Slate.dll!0x0000000022760211
[2017.03.29-06.21.21:342][694]LogOutputDevice:Error: UE4Editor-Core.dll!0x00000000268ECDF9
[2017.03.29-06.21.21:342][694]LogOutputDevice:Error: UE4Editor-Core.dll!0x00000000268D67C1
[2017.03.29-06.21.21:342][694]LogOutputDevice:Error: UE4Editor-Core.dll!0x00000000268EEA1C
[2017.03.29-06.21.21:342][694]LogOutputDevice:Error: UE4Editor-Core.dll!0x00000000268D26E9
[2017.03.29-06.21.21:342][694]LogOutputDevice:Error: USER32.dll!0x0000000059B21C24
[2017.03.29-06.21.21:342][694]LogOutputDevice:Error: USER32.dll!0x0000000059B2156C
[2017.03.29-06.21.21:342][694]LogOutputDevice:Error: UE4Editor-Core.dll!0x00000000268EF326
[2017.03.29-06.21.21:342][694]LogOutputDevice:Error: UE4Editor.exe!0x00000000BD6DD790
[2017.03.29-06.21.21:342][694]LogOutputDevice:Error: UE4Editor.exe!0x00000000BD6CEB40
[2017.03.29-06.21.21:342][694]LogOutputDevice:Error: UE4Editor.exe!0x00000000BD6CEBBA
[2017.03.29-06.21.21:342][694]LogOutputDevice:Error: UE4Editor.exe!0x00000000BD6E0A29
[2017.03.29-06.21.21:342][694]LogOutputDevice:Error: UE4Editor.exe!0x00000000BD6E22B6
[2017.03.29-06.21.21:342][694]LogOutputDevice:Error: KERNEL32.DLL!0x000000005C288364
[2017.03.29-06.21.21:342][694]LogOutputDevice:Error: ntdll.dll!0x000000005C4E70D1
[2017.03.29-06.21.21:342][694]LogOutputDevice:Error: 
[2017.03.29-06.21.21:351][694]LogStats:                SubmitErrorReport -  0.000 s
[2017.03.29-06.21.21:504][694]LogStats:                    SendNewReport -  0.154 s
[2017.03.29-06.21.21:504][694]LogStats:             FDebug::EnsureFailed -  0.207 s
[2017.03.29-06.21.21:592][694]BlueprintEditorCompileResults: Info  Result  was visible but ignored
[2017.03.29-06.21.25:429][147]LogWindows: Windows GetLastError: 작업을 완료했습니다. (0)
